#
# A fatal error has been detected by the Java Runtime Environment:
#
#  EXCEPTION_ACCESS_VIOLATION (0xc0000005) at pc=0x0000000077150e91, pid=7576, tid=7164
#
# JRE version: Java(TM) SE Runtime Environment (8.0_65-b17) (build 1.8.0_65-b17)
# Java VM: Java HotSpot(TM) 64-Bit Server VM (25.65-b01 mixed mode windows-amd64 compressed oops)
# Problematic frame:
# C  [ntdll.dll+0x50e91]
#
# Failed to write core dump. Minidumps are not enabled by default on client versions of Windows
#
# If you would like to submit a bug report, please visit:
#   http://bugreport.java.com/bugreport/crash.jsp
# The crash happened outside the Java Virtual Machine in native code.
# See problematic frame for where to report the bug.
#

---------------  T H R E A D  ---------------

Current thread (0x000000001f816800):  JavaThread "Forwarding getElementText on session 79d23d66-b854-4ebf-9a8c-fe9b033fe485 to remote" [_thread_in_native, id=7164, stack(0x0000000024ac0000,0x0000000024bc0000)]

siginfo: ExceptionCode=0xc0000005, reading address 0x000004ba79c80178

Registers:
RAX=0x00000000f0e0d0c0, RBX=0x000004ba79c80170, RCX=0x000000ffffffffff, RDX=0x0000000000000000
RSP=0x0000000024bbefd0, RBP=0x000000001e767d30, RSI=0x0000000000000000, RDI=0x0000000000000000
R8 =0x000000001e767d20, R9 =0x0000000000000001, R10=0x0000000000441520, R11=0x00000000004628b0
R12=0x0000000002450000, R13=0x000000076af4d088, R14=0x0000000024bbf130, R15=0x000000001f816800
RIP=0x0000000077150e91, EFLAGS=0x0000000000010202

Top of Stack: (sp=0x0000000024bbefd0)
0x0000000024bbefd0:   0000000024bbf0a8 000007fefd2817c0
0x0000000024bbefe0:   0000000000000000 000007fefd2a3954
0x0000000024bbeff0:   000000001ee0a4a0 000000076af4d088
0x0000000024bbf000:   0000000000000000 0000000000000000
0x0000000024bbf010:   000000001f816800 0000000024bbf130
0x0000000024bbf020:   0000000000000000 0000000000000000
0x0000000024bbf030:   0000000000000000 000007fefd2817c0
0x0000000024bbf040:   000000001e767d30 000007fefd281aa5
0x0000000024bbf050:   000000001e767d30 000000076af4d088
0x0000000024bbf060:   0000000000002726 000007fefd2ae591
0x0000000024bbf070:   000000076af4d088 0000000000000000
0x0000000024bbf080:   0000000000002000 0000000024bbf140
0x0000000024bbf090:   00000000000009ec 000000007385d9ac
0x0000000024bbf0a0:   0000000000000000 0000000000000000
0x0000000024bbf0b0:   0000000000000000 000007fefd281b8f
0x0000000024bbf0c0:   0000000024bbf0e8 0000000024bbf150 

Instructions: (pc=0x0000000077150e91)
0x0000000077150e71:   ff ff 00 00 00 49 33 dc 48 23 c1 48 c1 eb 04 48
0x0000000077150e81:   33 d8 48 33 1d 3e d5 0d 00 48 c1 e3 04 0f 0d 0b
0x0000000077150e91:   48 8b 7b 08 49 bd 01 00 00 00 01 00 00 00 49 be
0x0000000077150ea1:   ff 7f 00 00 ff ff ff ff 41 c6 40 0f 80 41 88 70 


Register to memory mapping:

RAX=0x00000000f0e0d0c0 is an unknown value
RBX=0x000004ba79c80170 is an unknown value
RCX=0x000000ffffffffff is an unknown value
RDX=0x0000000000000000 is an unknown value
RSP=0x0000000024bbefd0 is pointing into the stack for thread: 0x000000001f816800
RBP=0x000000001e767d30 is an unknown value
RSI=0x0000000000000000 is an unknown value
RDI=0x0000000000000000 is an unknown value
R8 =0x000000001e767d20 is an unknown value
R9 =0x0000000000000001 is an unknown value
R10=0x0000000000441520 is an unknown value
R11=0x00000000004628b0 is an unknown value
R12=0x0000000002450000 is an unknown value
R13=0x000000076af4d088 is an oop
java.lang.Object 
 - klass: 'java/lang/Object'
R14=0x0000000024bbf130 is pointing into the stack for thread: 0x000000001f816800
R15=0x000000001f816800 is a thread


Stack: [0x0000000024ac0000,0x0000000024bc0000],  sp=0x0000000024bbefd0,  free space=1019k
Native frames: (J=compiled Java code, j=interpreted, Vv=VM code, C=native code)
C  [ntdll.dll+0x50e91]
C  [WS2_32.dll+0x1aa5]
C  [net.dll+0xd9ac]
C  0x0000000002e165fb

Java frames: (J=compiled Java code, j=interpreted, Vv=VM code)
J 1993  java.net.DualStackPlainSocketImpl.close0(I)V (0 bytes) @ 0x0000000002e16581 [0x0000000002e16540+0x41]
J 3144 C2 java.net.Socket.close()V (47 bytes) @ 0x0000000002ba5a7c [0x0000000002ba5800+0x27c]
J 2779 C2 org.apache.http.impl.execchain.ConnectionHolder.releaseConnection(Z)V (176 bytes) @ 0x00000000031bfb00 [0x00000000031bf860+0x2a0]
J 2985 C2 org.apache.http.conn.EofSensorInputStream.read([BII)I (43 bytes) @ 0x000000000325da78 [0x000000000325d500+0x578]
J 3051 C2 org.apache.http.conn.EofSensorInputStream.read([B)I (9 bytes) @ 0x0000000002adf6d8 [0x0000000002adf6a0+0x38]
J 2705 C2 org.openqa.selenium.remote.internal.ApacheHttpClient.createResponse(Lorg/apache/http/HttpResponse;Lorg/apache/http/protocol/HttpContext;)Lorg/openqa/selenium/remote/http/HttpResponse; (185 bytes) @ 0x00000000031607b0 [0x0000000003160120+0x690]
J 3064 C2 org.openqa.selenium.remote.internal.ApacheHttpClient.execute(Lorg/openqa/selenium/remote/http/HttpRequest;Z)Lorg/openqa/selenium/remote/http/HttpResponse; (209 bytes) @ 0x00000000032c30bc [0x00000000032bf660+0x3a5c]
J 3158 C2 org.openqa.selenium.remote.RemoteWebDriver.execute(Ljava/lang/String;Ljava/util/Map;)Lorg/openqa/selenium/remote/Response; (372 bytes) @ 0x0000000003306bb8 [0x0000000003303e20+0x2d98]
J 3474% C2 TradePageManagerUnit_Monex$BoardInformationExtraction.run()V (2073 bytes) @ 0x000000000343b1f4 [0x0000000003437800+0x39f4]
v  ~StubRoutines::call_stub

---------------  P R O C E S S  ---------------

Java Threads: ( => current thread )
  0x0000000025965800 JavaThread "Thread-BoardInfoExtractor-エムケイシステム" [_thread_blocked, id=6608, stack(0x00000000288f0000,0x00000000289f0000)]
  0x0000000025965000 JavaThread "Thread-TradeUnit5" [_thread_blocked, id=4364, stack(0x0000000028d20000,0x0000000028e20000)]
  0x0000000025964000 JavaThread "Timer-9" [_thread_blocked, id=5040, stack(0x0000000028bc0000,0x0000000028cc0000)]
  0x0000000025963800 JavaThread "Thread-44" [_thread_blocked, id=7800, stack(0x0000000028a40000,0x0000000028b40000)]
  0x0000000025962800 JavaThread "Thread-WebAccess-エムケイシステム" [_thread_blocked, id=8080, stack(0x00000000287a0000,0x00000000288a0000)]
  0x0000000025961000 JavaThread "Timer-8" [_thread_blocked, id=5556, stack(0x0000000028410000,0x0000000028510000)]
  0x0000000025960800 JavaThread "Forwarding getElementText on session 3b894fb3-c8f1-4af0-ab1f-5d7c83c1b60a to remote" [_thread_in_native, id=6016, stack(0x0000000026dd0000,0x0000000026ed0000)]
  0x000000001f9f2800 JavaThread "Exec Stream Pumper" daemon [_thread_in_native, id=6752, stack(0x0000000027040000,0x0000000027140000)]
  0x000000001f9f1800 JavaThread "Exec Stream Pumper" daemon [_thread_in_native, id=2824, stack(0x00000000272a0000,0x00000000273a0000)]
  0x000000001f9f1000 JavaThread "Exec Default Executor" daemon [_thread_in_native, id=7324, stack(0x0000000027150000,0x0000000027250000)]
  0x000000001f9f0000 JavaThread "Thread-TradeUnit4" [_thread_blocked, id=6640, stack(0x0000000026f10000,0x0000000027010000)]
  0x000000001f9ef800 JavaThread "Timer-7" [_thread_blocked, id=5496, stack(0x0000000026c90000,0x0000000026d90000)]
  0x000000001f9ee800 JavaThread "Thread-35" [_thread_blocked, id=7284, stack(0x0000000026ab0000,0x0000000026bb0000)]
  0x000000001f9ee000 JavaThread "Thread-WebAccess-テラスカイ" [_thread_blocked, id=1772, stack(0x00000000252f0000,0x00000000253f0000)]
  0x000000001f9ed000 JavaThread "Thread-TradePageManager-テラスカイ" [_thread_blocked, id=7288, stack(0x0000000026980000,0x0000000026a80000)]
  0x000000001f9ec800 JavaThread "Timer-6" [_thread_blocked, id=4192, stack(0x0000000022680000,0x0000000022780000)]
  0x000000001f9eb800 JavaThread "Forwarding getElementText on session 306fbaf9-fcf1-4ae4-9470-3e392676aa26 to remote" [_thread_in_native, id=4604, stack(0x00000000257f0000,0x00000000258f0000)]
  0x000000001f81d000 JavaThread "Exec Stream Pumper" daemon [_thread_in_native, id=6760, stack(0x00000000256d0000,0x00000000257d0000)]
  0x000000001f81c800 JavaThread "Exec Stream Pumper" daemon [_thread_in_native, id=5044, stack(0x00000000255b0000,0x00000000256b0000)]
  0x000000001f81b800 JavaThread "Exec Default Executor" daemon [_thread_in_native, id=1732, stack(0x0000000025430000,0x0000000025530000)]
  0x000000001f81b000 JavaThread "Thread-TradeUnit3" [_thread_blocked, id=4288, stack(0x00000000251c0000,0x00000000252c0000)]
  0x000000001f81a000 JavaThread "Timer-5" [_thread_blocked, id=3376, stack(0x00000000250c0000,0x00000000251c0000)]
  0x000000001f819800 JavaThread "Thread-26" [_thread_blocked, id=5436, stack(0x0000000024d90000,0x0000000024e90000)]
  0x000000001f818800 JavaThread "Thread-WebAccess-FFRI" [_thread_blocked, id=6252, stack(0x0000000024ed0000,0x0000000024fd0000)]
  0x000000001f818000 JavaThread "Thread-TradePageManager-FFRI" [_thread_blocked, id=2780, stack(0x0000000024c90000,0x0000000024d90000)]
  0x000000001f817000 JavaThread "Timer-4" [_thread_blocked, id=292, stack(0x0000000021c50000,0x0000000021d50000)]
=>0x000000001f816800 JavaThread "Forwarding getElementText on session 79d23d66-b854-4ebf-9a8c-fe9b033fe485 to remote" [_thread_in_native, id=7164, stack(0x0000000024ac0000,0x0000000024bc0000)]
  0x000000001f815800 JavaThread "Exec Stream Pumper" daemon [_thread_in_native, id=7664, stack(0x0000000024970000,0x0000000024a70000)]
  0x000000001f815000 JavaThread "Exec Stream Pumper" daemon [_thread_in_native, id=7676, stack(0x0000000024790000,0x0000000024890000)]
  0x000000001f814000 JavaThread "Exec Default Executor" daemon [_thread_in_native, id=3996, stack(0x0000000022480000,0x0000000022580000)]
  0x000000001f813800 JavaThread "Thread-TradeUnit2" [_thread_blocked, id=4296, stack(0x0000000024620000,0x0000000024720000)]
  0x000000001f812800 JavaThread "Timer-3" [_thread_blocked, id=6632, stack(0x0000000024500000,0x0000000024600000)]
  0x000000001f812000 JavaThread "Thread-17" [_thread_blocked, id=3304, stack(0x00000000243a0000,0x00000000244a0000)]
  0x000000001f811000 JavaThread "Thread-WebAccess-サイジニア" [_thread_blocked, id=1296, stack(0x0000000024260000,0x0000000024360000)]
  0x000000001f810800 JavaThread "Thread-TradePageManager-サイジニア" [_thread_blocked, id=7868, stack(0x0000000024050000,0x0000000024150000)]
  0x000000001f80f800 JavaThread "Timer-2" [_thread_blocked, id=5420, stack(0x0000000022d70000,0x0000000022e70000)]
  0x000000001f80f000 JavaThread "Forwarding getElementText on session 54ceecd6-0e6c-445f-af29-6ac6a118ea54 to remote" [_thread_in_native, id=6192, stack(0x0000000022c70000,0x0000000022d70000)]
  0x000000001f80e000 JavaThread "Exec Stream Pumper" daemon [_thread_in_native, id=6932, stack(0x00000000228a0000,0x00000000229a0000)]
  0x0000000020456000 JavaThread "Exec Stream Pumper" daemon [_thread_in_native, id=1968, stack(0x0000000022a00000,0x0000000022b00000)]
  0x000000001fd39000 JavaThread "Exec Default Executor" daemon [_thread_in_native, id=5224, stack(0x00000000227a0000,0x00000000228a0000)]
  0x000000001fe18000 JavaThread "Thread-TradeUnit1" [_thread_blocked, id=3928, stack(0x0000000021ee0000,0x0000000021fe0000)]
  0x000000001fbe4000 JavaThread "Timer-1" [_thread_blocked, id=6376, stack(0x0000000022580000,0x0000000022680000)]
  0x0000000020553000 JavaThread "Thread-8" [_thread_blocked, id=6980, stack(0x0000000022380000,0x0000000022480000)]
  0x0000000020552800 JavaThread "Thread-WebAccess-ジグソー" [_thread_blocked, id=5804, stack(0x00000000221c0000,0x00000000222c0000)]
  0x00000000202bf800 JavaThread "Thread-TradePageManager-ジグソー" [_thread_blocked, id=1632, stack(0x0000000021fe0000,0x00000000220e0000)]
  0x00000000202bf000 JavaThread "Timer-0" [_thread_blocked, id=3080, stack(0x0000000021d50000,0x0000000021e50000)]
  0x0000000020392000 JavaThread "Exec Stream Pumper" daemon [_thread_in_native, id=748, stack(0x000000001ef50000,0x000000001f050000)]
  0x000000002031d000 JavaThread "Exec Stream Pumper" daemon [_thread_in_native, id=8140, stack(0x0000000021650000,0x0000000021750000)]
  0x000000001fc3e000 JavaThread "Exec Default Executor" daemon [_thread_in_native, id=1408, stack(0x0000000021750000,0x0000000021850000)]
  0x000000001d67b000 JavaThread "Service Thread" daemon [_thread_blocked, id=6828, stack(0x000000001f3b0000,0x000000001f4b0000)]
  0x000000001d5eb800 JavaThread "C1 CompilerThread3" daemon [_thread_blocked, id=7928, stack(0x000000001f1c0000,0x000000001f2c0000)]
  0x000000001d5e3000 JavaThread "C2 CompilerThread2" daemon [_thread_blocked, id=8036, stack(0x000000001f050000,0x000000001f150000)]
  0x000000001d5d6000 JavaThread "C2 CompilerThread1" daemon [_thread_blocked, id=5856, stack(0x000000001ee30000,0x000000001ef30000)]
  0x000000001d5c1000 JavaThread "C2 CompilerThread0" daemon [_thread_blocked, id=1624, stack(0x000000001ec20000,0x000000001ed20000)]
  0x000000001d5ba000 JavaThread "Attach Listener" daemon [_thread_blocked, id=6508, stack(0x000000001ea70000,0x000000001eb70000)]
  0x000000001d5b9000 JavaThread "Signal Dispatcher" daemon [_thread_blocked, id=5012, stack(0x000000001e960000,0x000000001ea60000)]
  0x000000001c4ec800 JavaThread "Finalizer" daemon [_thread_blocked, id=6600, stack(0x000000001e860000,0x000000001e960000)]
  0x000000001c4e5800 JavaThread "Reference Handler" daemon [_thread_blocked, id=4552, stack(0x000000001e4f0000,0x000000001e5f0000)]
  0x00000000022f8000 JavaThread "main" [_thread_blocked, id=7080, stack(0x00000000026a0000,0x00000000027a0000)]

Other Threads:
  0x000000001d553000 VMThread [stack: 0x000000001e660000,0x000000001e760000] [id=7012]
  0x000000001d6d9000 WatcherThread [stack: 0x000000001f5e0000,0x000000001f6e0000] [id=1932]

VM state:not at safepoint (normal execution)

VM Mutex/Monitor currently owned by a thread: None

Heap:
 PSYoungGen      total 32256K, used 2518K [0x000000076af00000, 0x000000076cf80000, 0x00000007c0000000)
  eden space 31232K, 6% used [0x000000076af00000,0x000000076b0eda30,0x000000076cd80000)
  from space 1024K, 53% used [0x000000076cd80000,0x000000076ce08000,0x000000076ce80000)
  to   space 1024K, 0% used [0x000000076ce80000,0x000000076ce80000,0x000000076cf80000)
 ParOldGen       total 175104K, used 8842K [0x00000006c0c00000, 0x00000006cb700000, 0x000000076af00000)
  object space 175104K, 5% used [0x00000006c0c00000,0x00000006c14a28e8,0x00000006cb700000)
 Metaspace       used 15882K, capacity 16128K, committed 16384K, reserved 1062912K
  class space    used 1907K, capacity 2022K, committed 2048K, reserved 1048576K

Card table byte_map: [0x0000000011b60000,0x0000000012360000] byte_map_base: 0x000000000e55a000

Marking Bits: (ParMarkBitMap*) 0x000000006a8fa5b0
 Begin Bits: [0x0000000013360000, 0x0000000017330000)
 End Bits:   [0x0000000017330000, 0x000000001b300000)

Polling page: 0x0000000000340000

CodeCache: size=245760Kb used=11010Kb max_used=12121Kb free=234749Kb
 bounds [0x00000000027a0000, 0x0000000003460000, 0x00000000117a0000]
 total_blobs=3122 nmethods=2751 adapters=283
 compilation: enabled

Compilation events (10 events):
Event: 445.310 Thread 0x000000001d5c1000 3490       4       com.google.gson.JsonElement::getAsJsonArray (22 bytes)
Event: 445.310 Thread 0x000000001d5c1000 nmethod 3490 0x0000000002acd950 code [0x0000000002acda80, 0x0000000002acdaf8]
Event: 447.128 Thread 0x000000001d5e3000 3491       4       com.google.common.collect.ImmutableMap::checkNoConflict (100 bytes)
Event: 447.129 Thread 0x000000001d5e3000 nmethod 3491 0x0000000002d15290 code [0x0000000002d153c0, 0x0000000002d15418]
Event: 474.758 Thread 0x000000001d5d6000 3492       4       java.util.concurrent.locks.ReentrantLock$NonfairSync::tryAcquire (6 bytes)
Event: 474.759 Thread 0x000000001d5d6000 nmethod 3492 0x0000000003104090 code [0x00000000031041c0, 0x00000000031042b8]
Event: 486.536 Thread 0x000000001d5c1000 3493       4       java.nio.ByteBuffer::<init> (45 bytes)
Event: 486.537 Thread 0x000000001d5c1000 nmethod 3493 0x0000000002b6a190 code [0x0000000002b6a2e0, 0x0000000002b6a4f8]
Event: 500.399 Thread 0x000000001d5e3000 3494   !   4       sun.nio.cs.StreamEncoder::flushBuffer (42 bytes)
Event: 500.401 Thread 0x000000001d5e3000 nmethod 3494 0x0000000002b6b950 code [0x0000000002b6baa0, 0x0000000002b6be28]

GC Heap History (10 events):
Event: 504.519 GC heap before
{Heap before GC invocations=259 (full 0):
 PSYoungGen      total 32256K, used 31744K [0x000000076af00000, 0x000000076cf80000, 0x00000007c0000000)
  eden space 31232K, 100% used [0x000000076af00000,0x000000076cd80000,0x000000076cd80000)
  from space 1024K, 50% used [0x000000076ce80000,0x000000076cf00000,0x000000076cf80000)
  to   space 1024K, 0% used [0x000000076cd80000,0x000000076cd80000,0x000000076ce80000)
 ParOldGen       total 175104K, used 8754K [0x00000006c0c00000, 0x00000006cb700000, 0x000000076af00000)
  object space 175104K, 4% used [0x00000006c0c00000,0x00000006c148c8e8,0x00000006cb700000)
 Metaspace       used 15882K, capacity 16128K, committed 16384K, reserved 1062912K
  class space    used 1907K, capacity 2022K, committed 2048K, reserved 1048576K
Event: 504.522 GC heap after
Heap after GC invocations=259 (full 0):
 PSYoungGen      total 32256K, used 480K [0x000000076af00000, 0x000000076cf80000, 0x00000007c0000000)
  eden space 31232K, 0% used [0x000000076af00000,0x000000076af00000,0x000000076cd80000)
  from space 1024K, 46% used [0x000000076cd80000,0x000000076cdf8000,0x000000076ce80000)
  to   space 1024K, 0% used [0x000000076ce80000,0x000000076ce80000,0x000000076cf80000)
 ParOldGen       total 175104K, used 8770K [0x00000006c0c00000, 0x00000006cb700000, 0x000000076af00000)
  object space 175104K, 5% used [0x00000006c0c00000,0x00000006c14908e8,0x00000006cb700000)
 Metaspace       used 15882K, capacity 16128K, committed 16384K, reserved 1062912K
  class space    used 1907K, capacity 2022K, committed 2048K, reserved 1048576K
}
Event: 506.081 GC heap before
{Heap before GC invocations=260 (full 0):
 PSYoungGen      total 32256K, used 31712K [0x000000076af00000, 0x000000076cf80000, 0x00000007c0000000)
  eden space 31232K, 100% used [0x000000076af00000,0x000000076cd80000,0x000000076cd80000)
  from space 1024K, 46% used [0x000000076cd80000,0x000000076cdf8000,0x000000076ce80000)
  to   space 1024K, 0% used [0x000000076ce80000,0x000000076ce80000,0x000000076cf80000)
 ParOldGen       total 175104K, used 8770K [0x00000006c0c00000, 0x00000006cb700000, 0x000000076af00000)
  object space 175104K, 5% used [0x00000006c0c00000,0x00000006c14908e8,0x00000006cb700000)
 Metaspace       used 15882K, capacity 16128K, committed 16384K, reserved 1062912K
  class space    used 1907K, capacity 2022K, committed 2048K, reserved 1048576K
Event: 506.093 GC heap after
Heap after GC invocations=260 (full 0):
 PSYoungGen      total 32256K, used 512K [0x000000076af00000, 0x000000076cf80000, 0x00000007c0000000)
  eden space 31232K, 0% used [0x000000076af00000,0x000000076af00000,0x000000076cd80000)
  from space 1024K, 50% used [0x000000076ce80000,0x000000076cf00000,0x000000076cf80000)
  to   space 1024K, 0% used [0x000000076cd80000,0x000000076cd80000,0x000000076ce80000)
 ParOldGen       total 175104K, used 8794K [0x00000006c0c00000, 0x00000006cb700000, 0x000000076af00000)
  object space 175104K, 5% used [0x00000006c0c00000,0x00000006c14968e8,0x00000006cb700000)
 Metaspace       used 15882K, capacity 16128K, committed 16384K, reserved 1062912K
  class space    used 1907K, capacity 2022K, committed 2048K, reserved 1048576K
}
Event: 507.692 GC heap before
{Heap before GC invocations=261 (full 0):
 PSYoungGen      total 32256K, used 31744K [0x000000076af00000, 0x000000076cf80000, 0x00000007c0000000)
  eden space 31232K, 100% used [0x000000076af00000,0x000000076cd80000,0x000000076cd80000)
  from space 1024K, 50% used [0x000000076ce80000,0x000000076cf00000,0x000000076cf80000)
  to   space 1024K, 0% used [0x000000076cd80000,0x000000076cd80000,0x000000076ce80000)
 ParOldGen       total 175104K, used 8794K [0x00000006c0c00000, 0x00000006cb700000, 0x000000076af00000)
  object space 175104K, 5% used [0x00000006c0c00000,0x00000006c14968e8,0x00000006cb700000)
 Metaspace       used 15882K, capacity 16128K, committed 16384K, reserved 1062912K
  class space    used 1907K, capacity 2022K, committed 2048K, reserved 1048576K
Event: 507.696 GC heap after
Heap after GC invocations=261 (full 0):
 PSYoungGen      total 32256K, used 512K [0x000000076af00000, 0x000000076cf80000, 0x00000007c0000000)
  eden space 31232K, 0% used [0x000000076af00000,0x000000076af00000,0x000000076cd80000)
  from space 1024K, 50% used [0x000000076cd80000,0x000000076ce00000,0x000000076ce80000)
  to   space 1024K, 0% used [0x000000076ce80000,0x000000076ce80000,0x000000076cf80000)
 ParOldGen       total 175104K, used 8802K [0x00000006c0c00000, 0x00000006cb700000, 0x000000076af00000)
  object space 175104K, 5% used [0x00000006c0c00000,0x00000006c14988e8,0x00000006cb700000)
 Metaspace       used 15882K, capacity 16128K, committed 16384K, reserved 1062912K
  class space    used 1907K, capacity 2022K, committed 2048K, reserved 1048576K
}
Event: 509.324 GC heap before
{Heap before GC invocations=262 (full 0):
 PSYoungGen      total 32256K, used 31744K [0x000000076af00000, 0x000000076cf80000, 0x00000007c0000000)
  eden space 31232K, 100% used [0x000000076af00000,0x000000076cd80000,0x000000076cd80000)
  from space 1024K, 50% used [0x000000076cd80000,0x000000076ce00000,0x000000076ce80000)
  to   space 1024K, 0% used [0x000000076ce80000,0x000000076ce80000,0x000000076cf80000)
 ParOldGen       total 175104K, used 8802K [0x00000006c0c00000, 0x00000006cb700000, 0x000000076af00000)
  object space 175104K, 5% used [0x00000006c0c00000,0x00000006c14988e8,0x00000006cb700000)
 Metaspace       used 15882K, capacity 16128K, committed 16384K, reserved 1062912K
  class space    used 1907K, capacity 2022K, committed 2048K, reserved 1048576K
Event: 509.333 GC heap after
Heap after GC invocations=262 (full 0):
 PSYoungGen      total 32256K, used 512K [0x000000076af00000, 0x000000076cf80000, 0x00000007c0000000)
  eden space 31232K, 0% used [0x000000076af00000,0x000000076af00000,0x000000076cd80000)
  from space 1024K, 50% used [0x000000076ce80000,0x000000076cf00000,0x000000076cf80000)
  to   space 1024K, 0% used [0x000000076cd80000,0x000000076cd80000,0x000000076ce80000)
 ParOldGen       total 175104K, used 8810K [0x00000006c0c00000, 0x00000006cb700000, 0x000000076af00000)
  object space 175104K, 5% used [0x00000006c0c00000,0x00000006c149a8e8,0x00000006cb700000)
 Metaspace       used 15882K, capacity 16128K, committed 16384K, reserved 1062912K
  class space    used 1907K, capacity 2022K, committed 2048K, reserved 1048576K
}
Event: 510.945 GC heap before
{Heap before GC invocations=263 (full 0):
 PSYoungGen      total 32256K, used 31744K [0x000000076af00000, 0x000000076cf80000, 0x00000007c0000000)
  eden space 31232K, 100% used [0x000000076af00000,0x000000076cd80000,0x000000076cd80000)
  from space 1024K, 50% used [0x000000076ce80000,0x000000076cf00000,0x000000076cf80000)
  to   space 1024K, 0% used [0x000000076cd80000,0x000000076cd80000,0x000000076ce80000)
 ParOldGen       total 175104K, used 8810K [0x00000006c0c00000, 0x00000006cb700000, 0x000000076af00000)
  object space 175104K, 5% used [0x00000006c0c00000,0x00000006c149a8e8,0x00000006cb700000)
 Metaspace       used 15882K, capacity 16128K, committed 16384K, reserved 1062912K
  class space    used 1907K, capacity 2022K, committed 2048K, reserved 1048576K
Event: 510.955 GC heap after
Heap after GC invocations=263 (full 0):
 PSYoungGen      total 32256K, used 544K [0x000000076af00000, 0x000000076cf80000, 0x00000007c0000000)
  eden space 31232K, 0% used [0x000000076af00000,0x000000076af00000,0x000000076cd80000)
  from space 1024K, 53% used [0x000000076cd80000,0x000000076ce08000,0x000000076ce80000)
  to   space 1024K, 0% used [0x000000076ce80000,0x000000076ce80000,0x000000076cf80000)
 ParOldGen       total 175104K, used 8842K [0x00000006c0c00000, 0x00000006cb700000, 0x000000076af00000)
  object space 175104K, 5% used [0x00000006c0c00000,0x00000006c14a28e8,0x00000006cb700000)
 Metaspace       used 15882K, capacity 16128K, committed 16384K, reserved 1062912K
  class space    used 1907K, capacity 2022K, committed 2048K, reserved 1048576K
}

Deoptimization events (10 events):
Event: 0.906 Thread 0x00000000022f8000 Uncommon trap: reason=unstable_if action=reinterpret pc=0x0000000002915724 method=java.lang.String.replace(CC)Ljava/lang/String; @ 2
Event: 5.286 Thread 0x00000000022f8000 Uncommon trap: reason=unstable_if action=reinterpret pc=0x0000000002b0a8d0 method=java.util.concurrent.ConcurrentHashMap.putVal(Ljava/lang/Object;Ljava/lang/Object;Z)Ljava/lang/Object; @ 181
Event: 5.420 Thread 0x00000000022f8000 Uncommon trap: reason=unstable_if action=reinterpret pc=0x0000000002b27dd8 method=java.lang.String.regionMatches(ZILjava/lang/String;II)Z @ 123
Event: 7.023 Thread 0x00000000022f8000 Uncommon trap: reason=unstable_if action=reinterpret pc=0x00000000028e735c method=sun.nio.cs.UTF_8$Encoder.encode([CII[B)I @ 33
Event: 13.908 Thread 0x00000000022f8000 Uncommon trap: reason=unstable_if action=reinterpret pc=0x00000000029ff320 method=java.io.WinNTFileSystem.normalize(Ljava/lang/String;II)Ljava/lang/String; @ 103
Event: 40.706 Thread 0x00000000022f8000 Uncommon trap: reason=null_check action=make_not_entrant pc=0x00000000031c193c method=com.google.gson.JsonPrimitive.isPrimitiveOrString(Ljava/lang/Object;)Z @ 39
Event: 46.025 Thread 0x000000001c4ec800 Uncommon trap: reason=unstable_if action=reinterpret pc=0x000000000322e9d0 method=java.lang.ref.Finalizer.remove()V @ 10
Event: 50.420 Thread 0x000000001f81a000 Uncommon trap: reason=unstable_if action=reinterpret pc=0x000000000296b0b0 method=java.lang.AbstractStringBuilder.append(Ljava/lang/String;)Ljava/lang/AbstractStringBuilder; @ 1
Event: 180.600 Thread 0x000000001c4ec800 Uncommon trap: reason=unstable_if action=reinterpret pc=0x0000000003223138 method=java.lang.ref.Finalizer.remove()V @ 10
Event: 189.794 Thread 0x000000001c4ec800 Uncommon trap: reason=unstable_if action=reinterpret pc=0x000000000321acb4 method=java.lang.ref.Finalizer.remove()V @ 10

Internal exceptions (10 events):
Event: 50.651 Thread 0x00000000022f8000 Exception <a 'java/net/ConnectException': Connection refused: connect> (0x000000076da9fef8) thrown at [C:\workspace\8-2-build-windows-amd64-cygwin\jdk8u65\4987\hotspot\src\share\vm\prims\jni.cpp, line 735]
Event: 51.756 Thread 0x00000000022f8000 Exception <a 'java/net/ConnectException': Connection refused: connect> (0x000000076bbbf730) thrown at [C:\workspace\8-2-build-windows-amd64-cygwin\jdk8u65\4987\hotspot\src\share\vm\prims\jni.cpp, line 735]
Event: 52.871 Thread 0x00000000022f8000 Exception <a 'java/net/ConnectException': Connection refused: connect> (0x000000076bbc0b30) thrown at [C:\workspace\8-2-build-windows-amd64-cygwin\jdk8u65\4987\hotspot\src\share\vm\prims\jni.cpp, line 735]
Event: 63.388 Thread 0x00000000022f8000 Exception <a 'java/net/BindException': Address already in use: JVM_Bind> (0x000000076b5540a0) thrown at [C:\workspace\8-2-build-windows-amd64-cygwin\jdk8u65\4987\hotspot\src\share\vm\prims\jni.cpp, line 735]
Event: 63.388 Thread 0x00000000022f8000 Exception <a 'java/net/BindException': Address already in use: JVM_Bind> (0x000000076b5549e0) thrown at [C:\workspace\8-2-build-windows-amd64-cygwin\jdk8u65\4987\hotspot\src\share\vm\prims\jni.cpp, line 735]
Event: 63.388 Thread 0x00000000022f8000 Exception <a 'java/net/BindException': Address already in use: JVM_Bind> (0x000000076b555320) thrown at [C:\workspace\8-2-build-windows-amd64-cygwin\jdk8u65\4987\hotspot\src\share\vm\prims\jni.cpp, line 735]
Event: 63.388 Thread 0x00000000022f8000 Exception <a 'java/net/BindException': Address already in use: JVM_Bind> (0x000000076b555c60) thrown at [C:\workspace\8-2-build-windows-amd64-cygwin\jdk8u65\4987\hotspot\src\share\vm\prims\jni.cpp, line 735]
Event: 64.736 Thread 0x00000000022f8000 Exception <a 'java/net/ConnectException': Connection refused: connect> (0x000000076b9a0f98) thrown at [C:\workspace\8-2-build-windows-amd64-cygwin\jdk8u65\4987\hotspot\src\share\vm\prims\jni.cpp, line 735]
Event: 65.831 Thread 0x00000000022f8000 Exception <a 'java/net/ConnectException': Connection refused: connect> (0x000000076b9a2398) thrown at [C:\workspace\8-2-build-windows-amd64-cygwin\jdk8u65\4987\hotspot\src\share\vm\prims\jni.cpp, line 735]
Event: 66.997 Thread 0x00000000022f8000 Exception <a 'java/net/ConnectException': Connection refused: connect> (0x000000076b80b3a0) thrown at [C:\workspace\8-2-build-windows-amd64-cygwin\jdk8u65\4987\hotspot\src\share\vm\prims\jni.cpp, line 735]

Events (10 events):
Event: 504.519 Executing VM operation: ParallelGCFailedAllocation
Event: 504.522 Executing VM operation: ParallelGCFailedAllocation done
Event: 506.081 Executing VM operation: ParallelGCFailedAllocation
Event: 506.093 Executing VM operation: ParallelGCFailedAllocation done
Event: 507.692 Executing VM operation: ParallelGCFailedAllocation
Event: 507.696 Executing VM operation: ParallelGCFailedAllocation done
Event: 509.324 Executing VM operation: ParallelGCFailedAllocation
Event: 509.333 Executing VM operation: ParallelGCFailedAllocation done
Event: 510.945 Executing VM operation: ParallelGCFailedAllocation
Event: 510.955 Executing VM operation: ParallelGCFailedAllocation done


Dynamic libraries:
0x000000013f3c0000 - 0x000000013f3f7000 	C:\Program Files\Java\jre1.8.0_65\bin\javaw.exe
0x0000000077100000 - 0x00000000772a9000 	C:\Windows\SYSTEM32\ntdll.dll
0x0000000076ee0000 - 0x0000000077000000 	C:\Windows\system32\kernel32.dll
0x000007fefcef0000 - 0x000007fefcf5c000 	C:\Windows\system32\KERNELBASE.dll
0x000007fefecd0000 - 0x000007fefedab000 	C:\Windows\system32\ADVAPI32.dll
0x000007fefedb0000 - 0x000007fefee4f000 	C:\Windows\system32\msvcrt.dll
0x000007fefef50000 - 0x000007fefef6f000 	C:\Windows\SYSTEM32\sechost.dll
0x000007fefef70000 - 0x000007feff09d000 	C:\Windows\system32\RPCRT4.dll
0x0000000077000000 - 0x00000000770fa000 	C:\Windows\system32\USER32.dll
0x000007fefe960000 - 0x000007fefe9c7000 	C:\Windows\system32\GDI32.dll
0x000007fefe060000 - 0x000007fefe06e000 	C:\Windows\system32\LPK.dll
0x000007fefe590000 - 0x000007fefe659000 	C:\Windows\system32\USP10.dll
0x000007fefb4a0000 - 0x000007fefb694000 	C:\Windows\WinSxS\amd64_microsoft.windows.common-controls_6595b64144ccf1df_6.0.7601.18837_none_fa3b1e3d17594757\COMCTL32.dll
0x000007feff390000 - 0x000007feff401000 	C:\Windows\system32\SHLWAPI.dll
0x000007fefe660000 - 0x000007fefe68e000 	C:\Windows\system32\IMM32.DLL
0x000007fefe220000 - 0x000007fefe329000 	C:\Windows\system32\MSCTF.dll
0x00000000658e0000 - 0x00000000659b2000 	C:\Program Files\Java\jre1.8.0_65\bin\msvcr100.dll
0x000000006a0f0000 - 0x000000006a979000 	C:\Program Files\Java\jre1.8.0_65\bin\server\jvm.dll
0x000007feefb60000 - 0x000007feefb69000 	C:\Windows\system32\WSOCK32.dll
0x000007fefd280000 - 0x000007fefd2cd000 	C:\Windows\system32\WS2_32.dll
0x000007fefd270000 - 0x000007fefd278000 	C:\Windows\system32\NSI.dll
0x000007fefabe0000 - 0x000007fefac1b000 	C:\Windows\system32\WINMM.dll
0x000007fefc010000 - 0x000007fefc01c000 	C:\Windows\system32\VERSION.dll
0x00000000772d0000 - 0x00000000772d7000 	C:\Windows\system32\PSAPI.DLL
0x00000000738c0000 - 0x00000000738cf000 	C:\Program Files\Java\jre1.8.0_65\bin\verify.dll
0x0000000073890000 - 0x00000000738b9000 	C:\Program Files\Java\jre1.8.0_65\bin\java.dll
0x0000000073830000 - 0x0000000073846000 	C:\Program Files\Java\jre1.8.0_65\bin\zip.dll
0x000007fefd2d0000 - 0x000007fefe059000 	C:\Windows\system32\SHELL32.dll
0x000007feff0a0000 - 0x000007feff2a3000 	C:\Windows\system32\ole32.dll
0x000007fefcec0000 - 0x000007fefcecf000 	C:\Windows\system32\profapi.dll
0x0000000073850000 - 0x000000007386a000 	C:\Program Files\Java\jre1.8.0_65\bin\net.dll
0x0000000180000000 - 0x000000018003e000 	C:\Program Files (x86)\Avira\AntiVir Desktop\avsda64.dll
0x000007fefc030000 - 0x000007fefc057000 	C:\Windows\system32\IPHLPAPI.DLL
0x000007fefc020000 - 0x000007fefc02b000 	C:\Windows\system32\WINNSI.DLL
0x000007fefc650000 - 0x000007fefc6a5000 	C:\Windows\system32\mswsock.dll
0x000007fefc640000 - 0x000007fefc647000 	C:\Windows\System32\wship6.dll
0x000007fefc000000 - 0x000007fefc007000 	C:\Windows\System32\wshtcpip.dll
0x000007fefc4d0000 - 0x000007fefc52b000 	C:\Windows\system32\DNSAPI.dll
0x000007fef8470000 - 0x000007fef8478000 	C:\Windows\system32\rasadhlp.dll
0x000007fefa400000 - 0x000007fefa453000 	C:\Windows\System32\fwpuclnt.dll
0x000007fefa480000 - 0x000007fefa491000 	C:\Windows\system32\dhcpcsvc6.DLL
0x000007fefa460000 - 0x000007fefa478000 	C:\Windows\system32\dhcpcsvc.DLL
0x000007fefc6b0000 - 0x000007fefc6c8000 	C:\Windows\system32\CRYPTSP.dll
0x000007fefc3b0000 - 0x000007fefc3f7000 	C:\Windows\system32\rsaenh.dll
0x000007fefd240000 - 0x000007fefd25e000 	C:\Windows\system32\USERENV.dll
0x000007fefcd10000 - 0x000007fefcd1f000 	C:\Windows\system32\CRYPTBASE.dll
0x000000006d840000 - 0x000000006d851000 	C:\Program Files\Java\jre1.8.0_65\bin\nio.dll
0x0000000061a70000 - 0x0000000061a94000 	C:\Program Files\Java\jre1.8.0_65\bin\sunec.dll
0x000007fefccb0000 - 0x000007fefcd07000 	C:\Windows\system32\apphelp.dll
0x000007fef19e0000 - 0x000007fef1b05000 	C:\Windows\system32\dbghelp.dll

VM Arguments:
jvm_args: -Dfile.encoding=UTF-8 
java_command: Main
java_class_path (initial): D:\invest\project\Trade_Bot_20151020\TradeBot\bin;D:\invest\project\Trade_Bot_20151020\TradeBot\selenium-2.48.2\libs\apache-mime4j-0.6.jar;D:\invest\project\Trade_Bot_20151020\TradeBot\selenium-2.48.2\libs\bsh-2.0b4.jar;D:\invest\project\Trade_Bot_20151020\TradeBot\selenium-2.48.2\libs\cglib-nodep-2.1_3.jar;D:\invest\project\Trade_Bot_20151020\TradeBot\selenium-2.48.2\libs\commons-codec-1.10.jar;D:\invest\project\Trade_Bot_20151020\TradeBot\selenium-2.48.2\libs\commons-collections-3.2.1.jar;D:\invest\project\Trade_Bot_20151020\TradeBot\selenium-2.48.2\libs\commons-el-1.0.jar;D:\invest\project\Trade_Bot_20151020\TradeBot\selenium-2.48.2\libs\commons-exec-1.3.jar;D:\invest\project\Trade_Bot_20151020\TradeBot\selenium-2.48.2\libs\commons-io-2.4.jar;D:\invest\project\Trade_Bot_20151020\TradeBot\selenium-2.48.2\libs\commons-lang3-3.4.jar;D:\invest\project\Trade_Bot_20151020\TradeBot\selenium-2.48.2\libs\commons-logging-1.2.jar;D:\invest\project\Trade_Bot_20151020\TradeBot\selenium-2.48.2\libs\cssparser-0.9.16.jar;D:\invest\project\Trade_Bot_20151020\TradeBot\selenium-2.48.2\libs\gson-2.3.1.jar;D:\invest\project\Trade_Bot_20151020\TradeBot\selenium-2.48.2\libs\guava-18.0.jar;D:\invest\project\Trade_Bot_20151020\TradeBot\selenium-2.48.2\libs\hamcrest-core-1.3.jar;D:\invest\project\Trade_Bot_20151020\TradeBot\selenium-2.48.2\libs\hamcrest-library-1.3.jar;D:\invest\project\Trade_Bot_20151020\TradeBot\selenium-2.48.2\libs\htmlunit-2.18.jar;D:\invest\project\Trade_Bot_20151020\TradeBot\selenium-2.48.2\libs\htmlunit-core-js-2.17.jar;D:\invest\project\Trade_Bot_20151020\TradeBot\selenium-2.48.2\libs\httpclient-4.5.1.jar;D:\invest\project\Trade_Bot_20151020\TradeBot\selenium-2.48.2\libs\httpcore-4.4.3.jar;D:\invest\project\Trade_Bot_20151020\TradeBot\selenium-2.48.2\libs\httpmime-4.5.jar;D:\invest\project\Trade_Bot_20151020\TradeBot\selenium-2.48.2\libs\jasper-compiler-5.5.15.jar;D:\invest\project\Trade_Bot_20151020\TradeBot\selenium-2.48.2\libs\jaspe
Launcher Type: SUN_STANDARD

Environment Variables:
PATH=C:/Program Files/Java/jre1.8.0_65/bin/server;C:/Program Files/Java/jre1.8.0_65/bin;C:/Program Files/Java/jre1.8.0_65/lib/amd64;C:\ProgramData\Oracle\Java\javapath;C:\Program Files (x86)\NVIDIA Corporation\PhysX\Common;C:\Windows\system32;C:\Windows;C:\Windows\System32\Wbem;C:\Windows\System32\WindowsPowerShell\v1.0\;D:\invest\project\nodejs\;D:\invest\android SDK\tools;D:\invest\android SDK\platform-tools;D:\invest\project\software\apache-ant-1.9.6;C:\Program Files\Git\cmd;C:\Users\maxwill\AppData\Roaming\npm;C:\Users\maxwill\Desktop;
USERNAME=maxwill
OS=Windows_NT
PROCESSOR_IDENTIFIER=Intel64 Family 6 Model 58 Stepping 9, GenuineIntel



---------------  S Y S T E M  ---------------

OS: Windows 7 , 64 bit Build 7601 (6.1.7601.19018)

CPU:total 8 (4 cores per cpu, 2 threads per core) family 6 model 58 stepping 9, cmov, cx8, fxsr, mmx, sse, sse2, sse3, ssse3, sse4.1, sse4.2, popcnt, avx, aes, clmul, erms, ht, tsc, tscinvbit, tscinv

Memory: 4k page, physical 16722100k(11265764k free), swap 33442364k(26410376k free)

vm_info: Java HotSpot(TM) 64-Bit Server VM (25.65-b01) for windows-amd64 JRE (1.8.0_65-b17), built on Oct  6 2015 16:39:20 by "java_re" with MS VC++ 10.0 (VS2010)

time: Mon Nov 02 08:16:00 2015
elapsed time: 511 seconds (0d 0h 8m 31s)

