#
# A fatal error has been detected by the Java Runtime Environment:
#
#  EXCEPTION_ACCESS_VIOLATION (0xc0000005) at pc=0x000007fefe285d8a, pid=6580, tid=8868
#
# JRE version: Java(TM) SE Runtime Environment (8.0_65-b17) (build 1.8.0_65-b17)
# Java VM: Java HotSpot(TM) 64-Bit Server VM (25.65-b01 mixed mode windows-amd64 compressed oops)
# Problematic frame:
# C  [WS2_32.dll+0x5d8a]
#
# Failed to write core dump. Minidumps are not enabled by default on client versions of Windows
#
# If you would like to submit a bug report, please visit:
#   http://bugreport.java.com/bugreport/crash.jsp
# The crash happened outside the Java Virtual Machine in native code.
# See problematic frame for where to report the bug.
#

---------------  T H R E A D  ---------------

Current thread (0x000000001d4b2000):  JavaThread "Forwarding getElementText on session f65258df-aef0-40dc-af11-4ac14f8fbb97 to remote" [_thread_in_native, id=8868, stack(0x0000000024520000,0x0000000024620000)]

siginfo: ExceptionCode=0xc0000005, reading address 0x000000023d480000

Registers:
RAX=0x00000000ffffffff, RBX=0x000000023d480000, RCX=0x000000023d480000, RDX=0xfffffffffff89151
RSP=0x000000002461e1d0, RBP=0x00000000023d4834, RSI=0x00000000023d1380, RDI=0x5000430054005b00
R8 =0x0000000000000010, R9 =0x0000000000000017, R10=0x0000000000000000, R11=0x00000000023d4800
R12=0x00000000000003ec, R13=0x0000000000002726, R14=0xffffffffffffffff, R15=0x0000000000000000
RIP=0x000007fefe285d8a, EFLAGS=0x0000000000010202

Top of Stack: (sp=0x000000002461e1d0)
0x000000002461e1d0:   0000000000000000 0000000000000000
0x000000002461e1e0:   0000000000000000 0000000000000000
0x000000002461e1f0:   00000000023d4800 000007fefe285cdb
0x000000002461e200:   00000000023d1380 00000000023d13b0
0x000000002461e210:   0000000000000000 ffffffffffffffff
0x000000002461e220:   ffffffffffffffff 000007fefe290e94
0x000000002461e230:   00000000023d4800 0000000000000000
0x000000002461e240:   00000000023d1380 0000000000000060
0x000000002461e250:   0000000000000000 0000000000000017
0x000000002461e260:   0000000000000001 ffffffffffffffff
0x000000002461e270:   00000000000003ec ffffffffffffffff
0x000000002461e280:   000000001fd58340 000007fefc973f72
0x000000002461e290:   0000000000000017 0000000000000a6c
0x000000002461e2a0:   000000002461e2e0 ffffffffffffffff
0x000000002461e2b0:   0000000000000000 0000000000000001
0x000000002461e2c0:   0000000000000008 0000000000020066 

Instructions: (pc=0x000007fefe285d8a)
0x000007fefe285d6a:   48 89 74 24 18 57 48 83 ec 20 48 8b 19 48 3b d9
0x000007fefe285d7a:   74 1f 48 8b ea 48 8b f1 66 0f 1f 04 00 48 8b cb
0x000007fefe285d8a:   48 8b 1b 48 8b 79 18 48 85 ff 75 1c 48 3b de 75
0x000007fefe285d9a:   ec 33 c0 48 8b 5c 24 30 48 8b 6c 24 38 48 8b 74 


Register to memory mapping:

RAX=0x00000000ffffffff is an unknown value
RBX=0x000000023d480000 is an unknown value
RCX=0x000000023d480000 is an unknown value
RDX=0xfffffffffff89151 is an unknown value
RSP=0x000000002461e1d0 is pointing into the stack for thread: 0x000000001d4b2000
RBP=0x00000000023d4834 is an unknown value
RSI=0x00000000023d1380 is an unknown value
RDI=0x5000430054005b00 is an unknown value
R8 =0x0000000000000010 is an unknown value
R9 =0x0000000000000017 is an unknown value
R10=0x0000000000000000 is an unknown value
R11=0x00000000023d4800 is an unknown value
R12=0x00000000000003ec is an unknown value
R13=0x0000000000002726 is an unknown value
R14=0xffffffffffffffff is an unknown value
R15=0x0000000000000000 is an unknown value


Stack: [0x0000000024520000,0x0000000024620000],  sp=0x000000002461e1d0,  free space=1016k
Native frames: (J=compiled Java code, j=interpreted, Vv=VM code, C=native code)
C  [WS2_32.dll+0x5d8a]
C  [WS2_32.dll+0x5cdb]
C  [WS2_32.dll+0x10e94]
C  [mswsock.dll+0x3f72]
C  [avsda64.dll+0x3035]
C  [WS2_32.dll+0x1ce2]
C  [WS2_32.dll+0xdf1b]
C  [net.dll+0xe0b0]
C  [net.dll+0x2547]
C  0x0000000002e465c2

Java frames: (J=compiled Java code, j=interpreted, Vv=VM code)
J 2292  java.net.DualStackPlainSocketImpl.socket0(ZZ)I (0 bytes) @ 0x0000000002e46544 [0x0000000002e46500+0x44]
J 2994 C2 java.net.Socket.setSoTimeout(I)V (50 bytes) @ 0x000000000286f224 [0x000000000286ef00+0x324]
J 3309 C2 org.apache.http.impl.conn.DefaultHttpClientConnectionOperator.connect(Lorg/apache/http/conn/ManagedHttpClientConnection;Lorg/apache/http/HttpHost;Ljava/net/InetSocketAddress;ILorg/apache/http/config/SocketConfig;Lorg/apache/http/protocol/HttpContext;)V (487 bytes) @ 0x0000000003235b40 [0x00000000032351c0+0x980]
J 3306 C2 org.apache.http.impl.execchain.MainClientExec.establishRoute(Lorg/apache/http/auth/AuthState;Lorg/apache/http/HttpClientConnection;Lorg/apache/http/conn/routing/HttpRoute;Lorg/apache/http/HttpRequest;Lorg/apache/http/client/protocol/HttpClientContext;)V (363 bytes) @ 0x0000000002b36fcc [0x0000000002b36a60+0x56c]
J 3272 C2 org.apache.http.impl.execchain.MainClientExec.execute(Lorg/apache/http/conn/routing/HttpRoute;Lorg/apache/http/client/methods/HttpRequestWrapper;Lorg/apache/http/client/protocol/HttpClientContext;Lorg/apache/http/client/methods/HttpExecutionAware;)Lorg/apache/http/client/methods/CloseableHttpResponse; (1193 bytes) @ 0x0000000003242f50 [0x0000000003240f60+0x1ff0]
J 3214 C2 org.apache.http.impl.execchain.ProtocolExec.execute(Lorg/apache/http/conn/routing/HttpRoute;Lorg/apache/http/client/methods/HttpRequestWrapper;Lorg/apache/http/client/protocol/HttpClientContext;Lorg/apache/http/client/methods/HttpExecutionAware;)Lorg/apache/http/client/methods/CloseableHttpResponse; (513 bytes) @ 0x00000000029ca970 [0x00000000029c98e0+0x1090]
J 3217 C2 org.apache.http.impl.execchain.RetryExec.execute(Lorg/apache/http/conn/routing/HttpRoute;Lorg/apache/http/client/methods/HttpRequestWrapper;Lorg/apache/http/client/protocol/HttpClientContext;Lorg/apache/http/client/methods/HttpExecutionAware;)Lorg/apache/http/client/methods/CloseableHttpResponse; (333 bytes) @ 0x0000000002afe2b4 [0x0000000002afe0e0+0x1d4]
J 3219 C2 org.apache.http.impl.execchain.RedirectExec.execute(Lorg/apache/http/conn/routing/HttpRoute;Lorg/apache/http/client/methods/HttpRequestWrapper;Lorg/apache/http/client/protocol/HttpClientContext;Lorg/apache/http/client/methods/HttpExecutionAware;)Lorg/apache/http/client/methods/CloseableHttpResponse; (558 bytes) @ 0x0000000002abc028 [0x0000000002abba80+0x5a8]
J 3050 C2 org.openqa.selenium.remote.internal.ApacheHttpClient.execute(Lorg/openqa/selenium/remote/http/HttpRequest;Z)Lorg/openqa/selenium/remote/http/HttpResponse; (209 bytes) @ 0x00000000031a0074 [0x000000000319dde0+0x2294]
J 3188 C2 org.openqa.selenium.remote.RemoteWebDriver.execute(Ljava/lang/String;Ljava/util/Map;)Lorg/openqa/selenium/remote/Response; (372 bytes) @ 0x0000000002a899a4 [0x0000000002a86ce0+0x2cc4]
J 3526% C2 TradePageManagerUnit_Monex$BoardInformationExtraction.run()V (2073 bytes) @ 0x0000000002eff190 [0x0000000002efebe0+0x5b0]
v  ~StubRoutines::call_stub

---------------  P R O C E S S  ---------------

Java Threads: ( => current thread )
  0x000000001f977800 JavaThread "Forwarding findElements on session 4de535d0-fc01-4438-bf5d-37adb2f603b1 to remote" [_thread_in_native, id=3248, stack(0x00000000289e0000,0x0000000028ae0000)]
  0x000000001f976800 JavaThread "Thread-TradeUnit5" [_thread_blocked, id=6280, stack(0x00000000270b0000,0x00000000271b0000)]
  0x000000001f976000 JavaThread "Timer-9" [_thread_blocked, id=8080, stack(0x0000000028870000,0x0000000028970000)]
  0x000000001f975000 JavaThread "Thread-44" [_thread_blocked, id=3928, stack(0x00000000286b0000,0x00000000287b0000)]
  0x000000001f974800 JavaThread "Thread-WebAccess-エムケイシステム" [_thread_blocked, id=5060, stack(0x0000000028580000,0x0000000028680000)]
  0x000000001f973800 JavaThread "Thread-TradePageManager-エムケイシステム" [_thread_blocked, id=7128, stack(0x0000000027380000,0x0000000027480000)]
  0x000000001f973000 JavaThread "Timer-8" [_thread_blocked, id=4116, stack(0x0000000027210000,0x0000000027310000)]
  0x000000001f972000 JavaThread "Exec Stream Pumper" daemon [_thread_in_native, id=7356, stack(0x0000000026f80000,0x0000000027080000)]
  0x00000000230d2000 JavaThread "Exec Stream Pumper" daemon [_thread_in_native, id=6044, stack(0x0000000026e40000,0x0000000026f40000)]
  0x00000000230d1800 JavaThread "Exec Default Executor" daemon [_thread_in_native, id=3984, stack(0x0000000026c70000,0x0000000026d70000)]
  0x00000000230d0800 JavaThread "Forwarding getElementText on session fdea590f-97c7-4f5f-9427-0072e7a54f80 to remote" [_thread_in_native, id=2096, stack(0x0000000026b70000,0x0000000026c70000)]
  0x00000000230d0000 JavaThread "Thread-TradeUnit4" [_thread_blocked, id=1792, stack(0x0000000026990000,0x0000000026a90000)]
  0x00000000230cf000 JavaThread "Timer-7" [_thread_blocked, id=6804, stack(0x0000000026680000,0x0000000026780000)]
  0x00000000230ce800 JavaThread "Thread-35" [_thread_blocked, id=5876, stack(0x0000000026820000,0x0000000026920000)]
  0x00000000230cd800 JavaThread "Thread-WebAccess-テラスカイ" [_thread_blocked, id=3920, stack(0x0000000026310000,0x0000000026410000)]
  0x00000000230cd000 JavaThread "Thread-TradePageManager-テラスカイ" [_thread_blocked, id=5548, stack(0x0000000026550000,0x0000000026650000)]
  0x00000000230cc000 JavaThread "Timer-6" [_thread_blocked, id=5452, stack(0x0000000026090000,0x0000000026190000)]
  0x00000000230cb800 JavaThread "Forwarding getElementText on session f28fbc33-4d1f-456b-9310-d271a5bd1c3e to remote" [_thread_in_native, id=8836, stack(0x0000000026440000,0x0000000026540000)]
  0x000000001d4b9000 JavaThread "Exec Stream Pumper" daemon [_thread_in_native, id=8084, stack(0x00000000261e0000,0x00000000262e0000)]
  0x000000001d4b8000 JavaThread "Exec Stream Pumper" daemon [_thread_in_native, id=6000, stack(0x0000000025f70000,0x0000000026070000)]
  0x000000001d4b7800 JavaThread "Exec Default Executor" daemon [_thread_in_native, id=5564, stack(0x0000000025ca0000,0x0000000025da0000)]
  0x000000001d4b6800 JavaThread "Thread-TradeUnit3" [_thread_blocked, id=8172, stack(0x0000000025e30000,0x0000000025f30000)]
  0x000000001d4b6000 JavaThread "Timer-5" [_thread_blocked, id=7428, stack(0x0000000024b70000,0x0000000024c70000)]
  0x000000001d4b5000 JavaThread "Thread-26" [_thread_blocked, id=8792, stack(0x0000000024a50000,0x0000000024b50000)]
  0x000000001d4b4800 JavaThread "Thread-WebAccess-FFRI" [_thread_blocked, id=5612, stack(0x00000000247e0000,0x00000000248e0000)]
  0x000000001d4b3800 JavaThread "Thread-TradePageManager-FFRI" [_thread_blocked, id=8888, stack(0x00000000248e0000,0x00000000249e0000)]
  0x000000001d4b3000 JavaThread "Timer-4" [_thread_blocked, id=6728, stack(0x00000000242e0000,0x00000000243e0000)]
=>0x000000001d4b2000 JavaThread "Forwarding getElementText on session f65258df-aef0-40dc-af11-4ac14f8fbb97 to remote" [_thread_in_native, id=8868, stack(0x0000000024520000,0x0000000024620000)]
  0x000000001d4b1800 JavaThread "Exec Stream Pumper" daemon [_thread_in_native, id=7076, stack(0x00000000243f0000,0x00000000244f0000)]
  0x000000001d4b0800 JavaThread "Exec Stream Pumper" daemon [_thread_in_native, id=8804, stack(0x00000000240d0000,0x00000000241d0000)]
  0x000000001d4b0000 JavaThread "Exec Default Executor" daemon [_thread_in_native, id=2236, stack(0x00000000241d0000,0x00000000242d0000)]
  0x000000001d4af000 JavaThread "Thread-TradeUnit2" [_thread_blocked, id=6568, stack(0x0000000023fd0000,0x00000000240d0000)]
  0x000000001d4ae800 JavaThread "Timer-3" [_thread_blocked, id=4712, stack(0x0000000023d30000,0x0000000023e30000)]
  0x000000001d4ad800 JavaThread "Thread-17" [_thread_blocked, id=5584, stack(0x00000000238e0000,0x00000000239e0000)]
  0x000000001d4ad000 JavaThread "Thread-WebAccess-サイジニア" [_thread_blocked, id=9048, stack(0x0000000023bb0000,0x0000000023cb0000)]
  0x000000001d4ac000 JavaThread "Thread-TradePageManager-サイジニア" [_thread_blocked, id=5132, stack(0x00000000239e0000,0x0000000023ae0000)]
  0x000000001d4ab800 JavaThread "Timer-2" [_thread_blocked, id=7504, stack(0x00000000227c0000,0x00000000228c0000)]
  0x000000001d4aa800 JavaThread "Forwarding getElementText on session 4441c485-42f7-4123-b4e5-56368a65ad4f to remote" [_thread_in_native, id=208, stack(0x0000000021c80000,0x0000000021d80000)]
  0x000000001d4aa000 JavaThread "Exec Stream Pumper" daemon [_thread_in_native, id=7776, stack(0x0000000021700000,0x0000000021800000)]
  0x0000000020526800 JavaThread "Exec Stream Pumper" daemon [_thread_in_native, id=7636, stack(0x0000000022690000,0x0000000022790000)]
  0x000000001f4d8000 JavaThread "Exec Default Executor" daemon [_thread_in_native, id=6352, stack(0x0000000022560000,0x0000000022660000)]
  0x00000000203fd800 JavaThread "Thread-TradeUnit1" [_thread_blocked, id=9160, stack(0x00000000221f0000,0x00000000222f0000)]
  0x00000000203fd000 JavaThread "Timer-1" [_thread_blocked, id=7752, stack(0x0000000022430000,0x0000000022530000)]
  0x00000000203fc800 JavaThread "Thread-8" [_thread_blocked, id=8880, stack(0x0000000022310000,0x0000000022410000)]
  0x000000001f9eb000 JavaThread "Thread-WebAccess-ジグソー" [_thread_blocked, id=1672, stack(0x00000000220c0000,0x00000000221c0000)]
  0x00000000201a6000 JavaThread "Thread-TradePageManager-ジグソー" [_thread_blocked, id=5628, stack(0x0000000021f80000,0x0000000022080000)]
  0x00000000201a5800 JavaThread "Timer-0" [_thread_blocked, id=5656, stack(0x0000000021d80000,0x0000000021e80000)]
  0x000000002015a000 JavaThread "Exec Stream Pumper" daemon [_thread_in_native, id=5220, stack(0x0000000021830000,0x0000000021930000)]
  0x0000000020148800 JavaThread "Exec Stream Pumper" daemon [_thread_in_native, id=640, stack(0x000000001ff70000,0x0000000020070000)]
  0x0000000020142000 JavaThread "Exec Default Executor" daemon [_thread_in_native, id=5912, stack(0x00000000215f0000,0x00000000216f0000)]
  0x000000001d510800 JavaThread "Service Thread" daemon [_thread_blocked, id=5240, stack(0x000000001f260000,0x000000001f360000)]
  0x000000001d49b000 JavaThread "C1 CompilerThread3" daemon [_thread_blocked, id=436, stack(0x000000001f010000,0x000000001f110000)]
  0x000000001d482800 JavaThread "C2 CompilerThread2" daemon [_thread_blocked, id=7524, stack(0x000000001e350000,0x000000001e450000)]
  0x000000001d47b800 JavaThread "C2 CompilerThread1" daemon [_thread_blocked, id=9092, stack(0x000000001ee20000,0x000000001ef20000)]
  0x000000001d475000 JavaThread "C2 CompilerThread0" daemon [_thread_blocked, id=8292, stack(0x000000001eba0000,0x000000001eca0000)]
  0x000000001d472000 JavaThread "Attach Listener" daemon [_thread_blocked, id=8668, stack(0x000000001e9c0000,0x000000001eac0000)]
  0x000000001d44f800 JavaThread "Signal Dispatcher" daemon [_thread_blocked, id=7996, stack(0x000000001e5f0000,0x000000001e6f0000)]
  0x000000001c39c800 JavaThread "Finalizer" daemon [_thread_blocked, id=7112, stack(0x000000001e8b0000,0x000000001e9b0000)]
  0x000000001c395800 JavaThread "Reference Handler" daemon [_thread_blocked, id=4996, stack(0x000000001e730000,0x000000001e830000)]
  0x00000000022c8000 JavaThread "main" [_thread_blocked, id=3824, stack(0x0000000002580000,0x0000000002680000)]

Other Threads:
  0x000000001d403000 VMThread [stack: 0x000000001e480000,0x000000001e580000] [id=4588]
  0x000000001d568000 WatcherThread [stack: 0x000000001ecf0000,0x000000001edf0000] [id=9004]

VM state:not at safepoint (normal execution)

VM Mutex/Monitor currently owned by a thread: None

Heap:
 PSYoungGen      total 32256K, used 1566K [0x000000076af00000, 0x000000076cf80000, 0x00000007c0000000)
  eden space 31232K, 3% used [0x000000076af00000,0x000000076aff7b30,0x000000076cd80000)
  from space 1024K, 56% used [0x000000076ce80000,0x000000076cf10000,0x000000076cf80000)
  to   space 1024K, 0% used [0x000000076cd80000,0x000000076cd80000,0x000000076ce80000)
 ParOldGen       total 175104K, used 126438K [0x00000006c0c00000, 0x00000006cb700000, 0x000000076af00000)
  object space 175104K, 72% used [0x00000006c0c00000,0x00000006c8779928,0x00000006cb700000)
 Metaspace       used 15901K, capacity 16128K, committed 16384K, reserved 1062912K
  class space    used 1907K, capacity 2022K, committed 2048K, reserved 1048576K

Card table byte_map: [0x0000000011a40000,0x0000000012240000] byte_map_base: 0x000000000e43a000

Marking Bits: (ParMarkBitMap*) 0x0000000073a8a5b0
 Begin Bits: [0x0000000013210000, 0x00000000171e0000)
 End Bits:   [0x00000000171e0000, 0x000000001b1b0000)

Polling page: 0x0000000000450000

CodeCache: size=245760Kb used=11563Kb max_used=11963Kb free=234196Kb
 bounds [0x0000000002680000, 0x00000000033b0000, 0x0000000011680000]
 total_blobs=3090 nmethods=2719 adapters=283
 compilation: enabled

Compilation events (10 events):
Event: 6309.390 Thread 0x000000001d49b000 3536   !   3       WebAccessUnit::run (267 bytes)
Event: 6309.392 Thread 0x000000001d49b000 nmethod 3536 0x0000000002ff7650 code [0x0000000002ff7a40, 0x0000000002ff9dc8]
Event: 6358.526 Thread 0x000000001d49b000 3537   !   3       TradeUnit::run (300 bytes)
Event: 6358.528 Thread 0x000000001d49b000 nmethod 3537 0x00000000027b66d0 code [0x00000000027b6ac0, 0x00000000027b8d98]
Event: 7436.438 Thread 0x000000001d482800 3538 % !   4       TradePageManagerUnit_Monex$BoardInformationExtraction::run @ 146 (2073 bytes)
Event: 7436.790 Thread 0x000000001d482800 nmethod 3538% 0x00000000033988d0 code [0x00000000033995c0, 0x00000000033a3fd8]
Event: 10376.082 Thread 0x000000001d475000 3539 % !   4       WebAccessUnit::run @ 11 (267 bytes)
Event: 10376.095 Thread 0x000000001d475000 nmethod 3539% 0x0000000002d63950 code [0x0000000002d63b20, 0x0000000002d647b8]
Event: 10431.896 Thread 0x000000001d47b800 3540 % !   4       TradeUnit::run @ 3 (300 bytes)
Event: 10431.913 Thread 0x000000001d47b800 nmethod 3540% 0x0000000002f4a190 code [0x0000000002f4a3c0, 0x0000000002f4b1c8]

GC Heap History (10 events):
Event: 12221.673 GC heap before
{Heap before GC invocations=7888 (full 0):
 PSYoungGen      total 32256K, used 31872K [0x000000076af00000, 0x000000076cf80000, 0x00000007c0000000)
  eden space 31232K, 100% used [0x000000076af00000,0x000000076cd80000,0x000000076cd80000)
  from space 1024K, 62% used [0x000000076cd80000,0x000000076ce20000,0x000000076ce80000)
  to   space 1024K, 0% used [0x000000076ce80000,0x000000076ce80000,0x000000076cf80000)
 ParOldGen       total 175104K, used 126366K [0x00000006c0c00000, 0x00000006cb700000, 0x000000076af00000)
  object space 175104K, 72% used [0x00000006c0c00000,0x00000006c8767928,0x00000006cb700000)
 Metaspace       used 15901K, capacity 16128K, committed 16384K, reserved 1062912K
  class space    used 1907K, capacity 2022K, committed 2048K, reserved 1048576K
Event: 12221.674 GC heap after
Heap after GC invocations=7888 (full 0):
 PSYoungGen      total 32256K, used 512K [0x000000076af00000, 0x000000076cf80000, 0x00000007c0000000)
  eden space 31232K, 0% used [0x000000076af00000,0x000000076af00000,0x000000076cd80000)
  from space 1024K, 50% used [0x000000076ce80000,0x000000076cf00000,0x000000076cf80000)
  to   space 1024K, 0% used [0x000000076cd80000,0x000000076cd80000,0x000000076ce80000)
 ParOldGen       total 175104K, used 126382K [0x00000006c0c00000, 0x00000006cb700000, 0x000000076af00000)
  object space 175104K, 72% used [0x00000006c0c00000,0x00000006c876b928,0x00000006cb700000)
 Metaspace       used 15901K, capacity 16128K, committed 16384K, reserved 1062912K
  class space    used 1907K, capacity 2022K, committed 2048K, reserved 1048576K
}
Event: 12223.180 GC heap before
{Heap before GC invocations=7889 (full 0):
 PSYoungGen      total 32256K, used 31744K [0x000000076af00000, 0x000000076cf80000, 0x00000007c0000000)
  eden space 31232K, 100% used [0x000000076af00000,0x000000076cd80000,0x000000076cd80000)
  from space 1024K, 50% used [0x000000076ce80000,0x000000076cf00000,0x000000076cf80000)
  to   space 1024K, 0% used [0x000000076cd80000,0x000000076cd80000,0x000000076ce80000)
 ParOldGen       total 175104K, used 126382K [0x00000006c0c00000, 0x00000006cb700000, 0x000000076af00000)
  object space 175104K, 72% used [0x00000006c0c00000,0x00000006c876b928,0x00000006cb700000)
 Metaspace       used 15901K, capacity 16128K, committed 16384K, reserved 1062912K
  class space    used 1907K, capacity 2022K, committed 2048K, reserved 1048576K
Event: 12223.190 GC heap after
Heap after GC invocations=7889 (full 0):
 PSYoungGen      total 32256K, used 576K [0x000000076af00000, 0x000000076cf80000, 0x00000007c0000000)
  eden space 31232K, 0% used [0x000000076af00000,0x000000076af00000,0x000000076cd80000)
  from space 1024K, 56% used [0x000000076cd80000,0x000000076ce10000,0x000000076ce80000)
  to   space 1024K, 0% used [0x000000076ce80000,0x000000076ce80000,0x000000076cf80000)
 ParOldGen       total 175104K, used 126390K [0x00000006c0c00000, 0x00000006cb700000, 0x000000076af00000)
  object space 175104K, 72% used [0x00000006c0c00000,0x00000006c876d928,0x00000006cb700000)
 Metaspace       used 15901K, capacity 16128K, committed 16384K, reserved 1062912K
  class space    used 1907K, capacity 2022K, committed 2048K, reserved 1048576K
}
Event: 12224.684 GC heap before
{Heap before GC invocations=7890 (full 0):
 PSYoungGen      total 32256K, used 31808K [0x000000076af00000, 0x000000076cf80000, 0x00000007c0000000)
  eden space 31232K, 100% used [0x000000076af00000,0x000000076cd80000,0x000000076cd80000)
  from space 1024K, 56% used [0x000000076cd80000,0x000000076ce10000,0x000000076ce80000)
  to   space 1024K, 0% used [0x000000076ce80000,0x000000076ce80000,0x000000076cf80000)
 ParOldGen       total 175104K, used 126390K [0x00000006c0c00000, 0x00000006cb700000, 0x000000076af00000)
  object space 175104K, 72% used [0x00000006c0c00000,0x00000006c876d928,0x00000006cb700000)
 Metaspace       used 15901K, capacity 16128K, committed 16384K, reserved 1062912K
  class space    used 1907K, capacity 2022K, committed 2048K, reserved 1048576K
Event: 12224.693 GC heap after
Heap after GC invocations=7890 (full 0):
 PSYoungGen      total 32256K, used 608K [0x000000076af00000, 0x000000076cf80000, 0x00000007c0000000)
  eden space 31232K, 0% used [0x000000076af00000,0x000000076af00000,0x000000076cd80000)
  from space 1024K, 59% used [0x000000076ce80000,0x000000076cf18000,0x000000076cf80000)
  to   space 1024K, 0% used [0x000000076cd80000,0x000000076cd80000,0x000000076ce80000)
 ParOldGen       total 175104K, used 126398K [0x00000006c0c00000, 0x00000006cb700000, 0x000000076af00000)
  object space 175104K, 72% used [0x00000006c0c00000,0x00000006c876f928,0x00000006cb700000)
 Metaspace       used 15901K, capacity 16128K, committed 16384K, reserved 1062912K
  class space    used 1907K, capacity 2022K, committed 2048K, reserved 1048576K
}
Event: 12226.265 GC heap before
{Heap before GC invocations=7891 (full 0):
 PSYoungGen      total 32256K, used 31840K [0x000000076af00000, 0x000000076cf80000, 0x00000007c0000000)
  eden space 31232K, 100% used [0x000000076af00000,0x000000076cd80000,0x000000076cd80000)
  from space 1024K, 59% used [0x000000076ce80000,0x000000076cf18000,0x000000076cf80000)
  to   space 1024K, 0% used [0x000000076cd80000,0x000000076cd80000,0x000000076ce80000)
 ParOldGen       total 175104K, used 126398K [0x00000006c0c00000, 0x00000006cb700000, 0x000000076af00000)
  object space 175104K, 72% used [0x00000006c0c00000,0x00000006c876f928,0x00000006cb700000)
 Metaspace       used 15901K, capacity 16128K, committed 16384K, reserved 1062912K
  class space    used 1907K, capacity 2022K, committed 2048K, reserved 1048576K
Event: 12226.271 GC heap after
Heap after GC invocations=7891 (full 0):
 PSYoungGen      total 32256K, used 544K [0x000000076af00000, 0x000000076cf80000, 0x00000007c0000000)
  eden space 31232K, 0% used [0x000000076af00000,0x000000076af00000,0x000000076cd80000)
  from space 1024K, 53% used [0x000000076cd80000,0x000000076ce08000,0x000000076ce80000)
  to   space 1024K, 0% used [0x000000076ce80000,0x000000076ce80000,0x000000076cf80000)
 ParOldGen       total 175104K, used 126406K [0x00000006c0c00000, 0x00000006cb700000, 0x000000076af00000)
  object space 175104K, 72% used [0x00000006c0c00000,0x00000006c8771928,0x00000006cb700000)
 Metaspace       used 15901K, capacity 16128K, committed 16384K, reserved 1062912K
  class space    used 1907K, capacity 2022K, committed 2048K, reserved 1048576K
}
Event: 12227.791 GC heap before
{Heap before GC invocations=7892 (full 0):
 PSYoungGen      total 32256K, used 31774K [0x000000076af00000, 0x000000076cf80000, 0x00000007c0000000)
  eden space 31232K, 99% used [0x000000076af00000,0x000000076cd7fb20,0x000000076cd80000)
  from space 1024K, 53% used [0x000000076cd80000,0x000000076ce08000,0x000000076ce80000)
  to   space 1024K, 0% used [0x000000076ce80000,0x000000076ce80000,0x000000076cf80000)
 ParOldGen       total 175104K, used 126406K [0x00000006c0c00000, 0x00000006cb700000, 0x000000076af00000)
  object space 175104K, 72% used [0x00000006c0c00000,0x00000006c8771928,0x00000006cb700000)
 Metaspace       used 15901K, capacity 16128K, committed 16384K, reserved 1062912K
  class space    used 1907K, capacity 2022K, committed 2048K, reserved 1048576K
Event: 12227.803 GC heap after
Heap after GC invocations=7892 (full 0):
 PSYoungGen      total 32256K, used 576K [0x000000076af00000, 0x000000076cf80000, 0x00000007c0000000)
  eden space 31232K, 0% used [0x000000076af00000,0x000000076af00000,0x000000076cd80000)
  from space 1024K, 56% used [0x000000076ce80000,0x000000076cf10000,0x000000076cf80000)
  to   space 1024K, 0% used [0x000000076cd80000,0x000000076cd80000,0x000000076ce80000)
 ParOldGen       total 175104K, used 126438K [0x00000006c0c00000, 0x00000006cb700000, 0x000000076af00000)
  object space 175104K, 72% used [0x00000006c0c00000,0x00000006c8779928,0x00000006cb700000)
 Metaspace       used 15901K, capacity 16128K, committed 16384K, reserved 1062912K
  class space    used 1907K, capacity 2022K, committed 2048K, reserved 1048576K
}

Deoptimization events (10 events):
Event: 1696.626 Thread 0x00000000230d0800 Uncommon trap: reason=unstable_if action=reinterpret pc=0x0000000002f7ad20 method=TradePageManagerUnit_Monex$BoardInformationExtraction.run()V @ 975
Event: 1798.252 Thread 0x00000000230cb800 Uncommon trap: reason=unstable_if action=reinterpret pc=0x0000000002cc5f30 method=TradePageManagerUnit_Monex$BoardInformationExtraction.run()V @ 975
Event: 2395.757 Thread 0x000000001d4b2000 Uncommon trap: reason=unstable_if action=reinterpret pc=0x0000000002f7a478 method=TradePageManagerUnit_Monex$BoardInformationExtraction.run()V @ 785
Event: 2396.234 Thread 0x00000000230d0800 Uncommon trap: reason=unstable_if action=reinterpret pc=0x0000000002f658c4 method=TradePageManagerUnit_Monex$BoardInformationExtraction.run()V @ 182
Event: 2396.956 Thread 0x000000001f977800 Uncommon trap: reason=unstable_if action=reinterpret pc=0x0000000002f658c4 method=TradePageManagerUnit_Monex$BoardInformationExtraction.run()V @ 182
Event: 2399.130 Thread 0x00000000230cf000 Uncommon trap: reason=unstable_if action=reinterpret pc=0x0000000002ba360c method=java.util.GregorianCalendar.computeFields(II)I @ 223
Event: 2416.265 Thread 0x000000001d4b2000 Uncommon trap: reason=unstable_if action=reinterpret pc=0x0000000002fe5bbc method=TradePageManagerUnit_Monex$BoardInformationExtraction.run()V @ 182
Event: 2445.303 Thread 0x00000000230cb800 Uncommon trap: reason=unstable_if action=reinterpret pc=0x0000000002f644dc method=TradePageManagerUnit_Monex$BoardInformationExtraction.run()V @ 1680
Event: 2592.817 Thread 0x000000001d4aa800 Uncommon trap: reason=unstable_if action=reinterpret pc=0x0000000002f644dc method=TradePageManagerUnit_Monex$BoardInformationExtraction.run()V @ 1680
Event: 6054.246 Thread 0x00000000230cb800 Uncommon trap: reason=unstable_if action=reinterpret pc=0x0000000002f05378 method=TradePageManagerUnit_Monex$BoardInformationExtraction.run()V @ 1133

Internal exceptions (10 events):
Event: 42.049 Thread 0x00000000022c8000 Exception <a 'java/net/ConnectException': Connection refused: connect> (0x000000076b41ae00) thrown at [C:\workspace\8-2-build-windows-amd64-cygwin\jdk8u65\4987\hotspot\src\share\vm\prims\jni.cpp, line 735]
Event: 43.149 Thread 0x00000000022c8000 Exception <a 'java/net/ConnectException': Connection refused: connect> (0x000000076b41c200) thrown at [C:\workspace\8-2-build-windows-amd64-cygwin\jdk8u65\4987\hotspot\src\share\vm\prims\jni.cpp, line 735]
Event: 44.245 Thread 0x00000000022c8000 Exception <a 'java/net/ConnectException': Connection refused: connect> (0x000000076b41d600) thrown at [C:\workspace\8-2-build-windows-amd64-cygwin\jdk8u65\4987\hotspot\src\share\vm\prims\jni.cpp, line 735]
Event: 54.255 Thread 0x00000000022c8000 Exception <a 'java/net/BindException': Address already in use: JVM_Bind> (0x000000076ccf9b40) thrown at [C:\workspace\8-2-build-windows-amd64-cygwin\jdk8u65\4987\hotspot\src\share\vm\prims\jni.cpp, line 735]
Event: 54.255 Thread 0x00000000022c8000 Exception <a 'java/net/BindException': Address already in use: JVM_Bind> (0x000000076ccfa480) thrown at [C:\workspace\8-2-build-windows-amd64-cygwin\jdk8u65\4987\hotspot\src\share\vm\prims\jni.cpp, line 735]
Event: 54.256 Thread 0x00000000022c8000 Exception <a 'java/net/BindException': Address already in use: JVM_Bind> (0x000000076ccfadc0) thrown at [C:\workspace\8-2-build-windows-amd64-cygwin\jdk8u65\4987\hotspot\src\share\vm\prims\jni.cpp, line 735]
Event: 54.256 Thread 0x00000000022c8000 Exception <a 'java/net/BindException': Address already in use: JVM_Bind> (0x000000076ccfb700) thrown at [C:\workspace\8-2-build-windows-amd64-cygwin\jdk8u65\4987\hotspot\src\share\vm\prims\jni.cpp, line 735]
Event: 55.642 Thread 0x00000000022c8000 Exception <a 'java/net/ConnectException': Connection refused: connect> (0x000000076d2dd198) thrown at [C:\workspace\8-2-build-windows-amd64-cygwin\jdk8u65\4987\hotspot\src\share\vm\prims\jni.cpp, line 735]
Event: 56.770 Thread 0x00000000022c8000 Exception <a 'java/net/ConnectException': Connection refused: connect> (0x000000076bfb4128) thrown at [C:\workspace\8-2-build-windows-amd64-cygwin\jdk8u65\4987\hotspot\src\share\vm\prims\jni.cpp, line 735]
Event: 57.920 Thread 0x00000000022c8000 Exception <a 'java/net/ConnectException': Connection refused: connect> (0x000000076bfb54a8) thrown at [C:\workspace\8-2-build-windows-amd64-cygwin\jdk8u65\4987\hotspot\src\share\vm\prims\jni.cpp, line 735]

Events (10 events):
Event: 12223.180 Executing VM operation: ParallelGCFailedAllocation
Event: 12223.190 Executing VM operation: ParallelGCFailedAllocation done
Event: 12224.684 Executing VM operation: ParallelGCFailedAllocation
Event: 12224.693 Executing VM operation: ParallelGCFailedAllocation done
Event: 12224.857 Thread 0x000000001d4ad000 DEOPT PACKING pc=0x0000000002c6b54f sp=0x0000000023caedc0
Event: 12224.857 Thread 0x000000001d4ad000 DEOPT UNPACKING pc=0x00000000026c787f sp=0x0000000023caeb88 mode 0
Event: 12226.265 Executing VM operation: ParallelGCFailedAllocation
Event: 12226.271 Executing VM operation: ParallelGCFailedAllocation done
Event: 12227.791 Executing VM operation: ParallelGCFailedAllocation
Event: 12227.803 Executing VM operation: ParallelGCFailedAllocation done


Dynamic libraries:
0x000000013f690000 - 0x000000013f6c7000 	C:\Program Files\Java\jre1.8.0_65\bin\javaw.exe
0x0000000077420000 - 0x00000000775c9000 	C:\Windows\SYSTEM32\ntdll.dll
0x0000000077200000 - 0x0000000077320000 	C:\Windows\system32\kernel32.dll
0x000007fefd200000 - 0x000007fefd26c000 	C:\Windows\system32\KERNELBASE.dll
0x000007fefe5f0000 - 0x000007fefe6cb000 	C:\Windows\system32\ADVAPI32.dll
0x000007fefe000000 - 0x000007fefe09f000 	C:\Windows\system32\msvcrt.dll
0x000007feff6a0000 - 0x000007feff6bf000 	C:\Windows\SYSTEM32\sechost.dll
0x000007fefd820000 - 0x000007fefd94d000 	C:\Windows\system32\RPCRT4.dll
0x0000000077320000 - 0x000000007741a000 	C:\Windows\system32\USER32.dll
0x000007feff6c0000 - 0x000007feff727000 	C:\Windows\system32\GDI32.dll
0x000007fefd950000 - 0x000007fefd95e000 	C:\Windows\system32\LPK.dll
0x000007feff5d0000 - 0x000007feff699000 	C:\Windows\system32\USP10.dll
0x000007fefb810000 - 0x000007fefba04000 	C:\Windows\WinSxS\amd64_microsoft.windows.common-controls_6595b64144ccf1df_6.0.7601.18837_none_fa3b1e3d17594757\COMCTL32.dll
0x000007fefe3e0000 - 0x000007fefe451000 	C:\Windows\system32\SHLWAPI.dll
0x000007feff500000 - 0x000007feff52e000 	C:\Windows\system32\IMM32.DLL
0x000007fefe2d0000 - 0x000007fefe3d9000 	C:\Windows\system32\MSCTF.dll
0x000000005ea20000 - 0x000000005eaf2000 	C:\Program Files\Java\jre1.8.0_65\bin\msvcr100.dll
0x0000000073280000 - 0x0000000073b09000 	C:\Program Files\Java\jre1.8.0_65\bin\server\jvm.dll
0x000007fef7d00000 - 0x000007fef7d09000 	C:\Windows\system32\WSOCK32.dll
0x000007fefe280000 - 0x000007fefe2cd000 	C:\Windows\system32\WS2_32.dll
0x000007fefd5b0000 - 0x000007fefd5b8000 	C:\Windows\system32\NSI.dll
0x000007fefac30000 - 0x000007fefac6b000 	C:\Windows\system32\WINMM.dll
0x000007fefc330000 - 0x000007fefc33c000 	C:\Windows\system32\VERSION.dll
0x00000000775f0000 - 0x00000000775f7000 	C:\Windows\system32\PSAPI.DLL
0x0000000074390000 - 0x000000007439f000 	C:\Program Files\Java\jre1.8.0_65\bin\verify.dll
0x0000000074360000 - 0x0000000074389000 	C:\Program Files\Java\jre1.8.0_65\bin\java.dll
0x0000000074340000 - 0x0000000074356000 	C:\Program Files\Java\jre1.8.0_65\bin\zip.dll
0x000007fefe770000 - 0x000007feff4f9000 	C:\Windows\system32\SHELL32.dll
0x000007fefddf0000 - 0x000007fefdff3000 	C:\Windows\system32\ole32.dll
0x000007fefd1d0000 - 0x000007fefd1df000 	C:\Windows\system32\profapi.dll
0x0000000074320000 - 0x000000007433a000 	C:\Program Files\Java\jre1.8.0_65\bin\net.dll
0x0000000180000000 - 0x000000018003e000 	C:\Program Files (x86)\Avira\AntiVir Desktop\avsda64.dll
0x000007fefc350000 - 0x000007fefc377000 	C:\Windows\system32\IPHLPAPI.DLL
0x000007fefc340000 - 0x000007fefc34b000 	C:\Windows\system32\WINNSI.DLL
0x000007fefc970000 - 0x000007fefc9c5000 	C:\Windows\system32\mswsock.dll
0x000007fefc960000 - 0x000007fefc967000 	C:\Windows\System32\wship6.dll
0x000007fefc320000 - 0x000007fefc327000 	C:\Windows\System32\wshtcpip.dll
0x000007fefc7f0000 - 0x000007fefc84b000 	C:\Windows\system32\DNSAPI.dll
0x000007fef7ab0000 - 0x000007fef7ab8000 	C:\Windows\system32\rasadhlp.dll
0x000007fefad80000 - 0x000007fefadd3000 	C:\Windows\System32\fwpuclnt.dll
0x000007fefad50000 - 0x000007fefad61000 	C:\Windows\system32\dhcpcsvc6.DLL
0x000007fefad30000 - 0x000007fefad48000 	C:\Windows\system32\dhcpcsvc.DLL
0x000007fefc9d0000 - 0x000007fefc9e8000 	C:\Windows\system32\CRYPTSP.dll
0x000007fefc6d0000 - 0x000007fefc717000 	C:\Windows\system32\rsaenh.dll
0x000007fefd2c0000 - 0x000007fefd2de000 	C:\Windows\system32\USERENV.dll
0x000007fefd030000 - 0x000007fefd03f000 	C:\Windows\system32\CRYPTBASE.dll
0x0000000074300000 - 0x0000000074311000 	C:\Program Files\Java\jre1.8.0_65\bin\nio.dll
0x0000000061b30000 - 0x0000000061b54000 	C:\Program Files\Java\jre1.8.0_65\bin\sunec.dll
0x000007fefcfd0000 - 0x000007fefd027000 	C:\Windows\system32\apphelp.dll
0x000007fef76b0000 - 0x000007fef77d5000 	C:\Windows\system32\dbghelp.dll

VM Arguments:
jvm_args: -Dfile.encoding=UTF-8 
java_command: Main
java_class_path (initial): D:\invest\project\Trade_Bot_20151020\TradeBot\bin;D:\invest\project\Trade_Bot_20151020\TradeBot\selenium-2.48.2\libs\apache-mime4j-0.6.jar;D:\invest\project\Trade_Bot_20151020\TradeBot\selenium-2.48.2\libs\bsh-2.0b4.jar;D:\invest\project\Trade_Bot_20151020\TradeBot\selenium-2.48.2\libs\cglib-nodep-2.1_3.jar;D:\invest\project\Trade_Bot_20151020\TradeBot\selenium-2.48.2\libs\commons-codec-1.10.jar;D:\invest\project\Trade_Bot_20151020\TradeBot\selenium-2.48.2\libs\commons-collections-3.2.1.jar;D:\invest\project\Trade_Bot_20151020\TradeBot\selenium-2.48.2\libs\commons-el-1.0.jar;D:\invest\project\Trade_Bot_20151020\TradeBot\selenium-2.48.2\libs\commons-exec-1.3.jar;D:\invest\project\Trade_Bot_20151020\TradeBot\selenium-2.48.2\libs\commons-io-2.4.jar;D:\invest\project\Trade_Bot_20151020\TradeBot\selenium-2.48.2\libs\commons-lang3-3.4.jar;D:\invest\project\Trade_Bot_20151020\TradeBot\selenium-2.48.2\libs\commons-logging-1.2.jar;D:\invest\project\Trade_Bot_20151020\TradeBot\selenium-2.48.2\libs\cssparser-0.9.16.jar;D:\invest\project\Trade_Bot_20151020\TradeBot\selenium-2.48.2\libs\gson-2.3.1.jar;D:\invest\project\Trade_Bot_20151020\TradeBot\selenium-2.48.2\libs\guava-18.0.jar;D:\invest\project\Trade_Bot_20151020\TradeBot\selenium-2.48.2\libs\hamcrest-core-1.3.jar;D:\invest\project\Trade_Bot_20151020\TradeBot\selenium-2.48.2\libs\hamcrest-library-1.3.jar;D:\invest\project\Trade_Bot_20151020\TradeBot\selenium-2.48.2\libs\htmlunit-2.18.jar;D:\invest\project\Trade_Bot_20151020\TradeBot\selenium-2.48.2\libs\htmlunit-core-js-2.17.jar;D:\invest\project\Trade_Bot_20151020\TradeBot\selenium-2.48.2\libs\httpclient-4.5.1.jar;D:\invest\project\Trade_Bot_20151020\TradeBot\selenium-2.48.2\libs\httpcore-4.4.3.jar;D:\invest\project\Trade_Bot_20151020\TradeBot\selenium-2.48.2\libs\httpmime-4.5.jar;D:\invest\project\Trade_Bot_20151020\TradeBot\selenium-2.48.2\libs\jasper-compiler-5.5.15.jar;D:\invest\project\Trade_Bot_20151020\TradeBot\selenium-2.48.2\libs\jaspe
Launcher Type: SUN_STANDARD

Environment Variables:
PATH=C:/Program Files/Java/jre1.8.0_65/bin/server;C:/Program Files/Java/jre1.8.0_65/bin;C:/Program Files/Java/jre1.8.0_65/lib/amd64;C:\ProgramData\Oracle\Java\javapath;C:\Program Files (x86)\NVIDIA Corporation\PhysX\Common;C:\Windows\system32;C:\Windows;C:\Windows\System32\Wbem;C:\Windows\System32\WindowsPowerShell\v1.0\;D:\invest\project\nodejs\;D:\invest\android SDK\tools;D:\invest\android SDK\platform-tools;D:\invest\project\software\apache-ant-1.9.6;C:\Program Files\Git\cmd;C:\Users\maxwill\AppData\Roaming\npm;C:\Users\maxwill\Desktop;
USERNAME=maxwill
OS=Windows_NT
PROCESSOR_IDENTIFIER=Intel64 Family 6 Model 58 Stepping 9, GenuineIntel



---------------  S Y S T E M  ---------------

OS: Windows 7 , 64 bit Build 7601 (6.1.7601.19018)

CPU:total 8 (4 cores per cpu, 2 threads per core) family 6 model 58 stepping 9, cmov, cx8, fxsr, mmx, sse, sse2, sse3, ssse3, sse4.1, sse4.2, popcnt, avx, aes, clmul, erms, ht, tsc, tscinvbit, tscinv

Memory: 4k page, physical 16722100k(10734600k free), swap 33442364k(25870268k free)

vm_info: Java HotSpot(TM) 64-Bit Server VM (25.65-b01) for windows-amd64 JRE (1.8.0_65-b17), built on Oct  6 2015 16:39:20 by "java_re" with MS VC++ 10.0 (VS2010)

time: Thu Dec 10 11:43:48 2015
elapsed time: 12227 seconds (0d 3h 23m 47s)

