#
# A fatal error has been detected by the Java Runtime Environment:
#
#  EXCEPTION_ACCESS_VIOLATION (0xc0000005) at pc=0x0000000077470e91, pid=4424, tid=7332
#
# JRE version: Java(TM) SE Runtime Environment (8.0_65-b17) (build 1.8.0_65-b17)
# Java VM: Java HotSpot(TM) 64-Bit Server VM (25.65-b01 mixed mode windows-amd64 compressed oops)
# Problematic frame:
# C  [ntdll.dll+0x50e91]
#
# Failed to write core dump. Minidumps are not enabled by default on client versions of Windows
#
# If you would like to submit a bug report, please visit:
#   http://bugreport.java.com/bugreport/crash.jsp
# The crash happened outside the Java Virtual Machine in native code.
# See problematic frame for where to report the bug.
#

---------------  T H R E A D  ---------------

Current thread (0x000000001f6bc800):  JavaThread "Forwarding getElementText on session 0c8c74b7-3c79-4da2-9f5d-d43132b561f0 to remote" [_thread_in_native, id=7332, stack(0x0000000022950000,0x0000000022a50000)]

siginfo: ExceptionCode=0xc0000005, reading address 0x00000a5aaf80ed78

Registers:
RAX=0x00000000f0e0d0c0, RBX=0x00000a5aaf80ed70, RCX=0x000000ffffffffff, RDX=0x0000000000000000
RSP=0x0000000022a4ebb0, RBP=0x000000001fb68d30, RSI=0x0000000000000000, RDI=0x0000000000000000
R8 =0x000000001fb68d20, R9 =0x0000000000000000, R10=0x0000000000410960, R11=0x000000000046b2e0
R12=0x00000000024f0000, R13=0x000000076c613d38, R14=0x0000000022a4ed10, R15=0x000000001f6bc800
RIP=0x0000000077470e91, EFLAGS=0x0000000000010202

Top of Stack: (sp=0x0000000022a4ebb0)
0x0000000022a4ebb0:   0000000022a4ec88 000007fefe2817c0
0x0000000022a4ebc0:   0000000000000000 000007fefe2a3954
0x0000000022a4ebd0:   000000001fe4c600 000000076c613d38
0x0000000022a4ebe0:   0000000000000000 0000000000000000
0x0000000022a4ebf0:   000000001f6bc800 0000000022a4ed10
0x0000000022a4ec00:   0000000000000000 0000000000000000
0x0000000022a4ec10:   0000000000000000 000007fefe2817c0
0x0000000022a4ec20:   000000001fb68d30 000007fefe281aa5
0x0000000022a4ec30:   000000001fb68d30 000000076c613d38
0x0000000022a4ec40:   0000000000002726 000007fefe2ae591
0x0000000022a4ec50:   000000076c613d38 0000000000000000
0x0000000022a4ec60:   0000000000002000 0000000022a4ed20
0x0000000022a4ec70:   0000000000000bc4 000000007431d9ac
0x0000000022a4ec80:   0000000000000000 0000000000000000
0x0000000022a4ec90:   0000000000000000 000007fefe281b8f
0x0000000022a4eca0:   0000000022a4ecc8 0000000022a4ed30 

Instructions: (pc=0x0000000077470e91)
0x0000000077470e71:   ff ff 00 00 00 49 33 dc 48 23 c1 48 c1 eb 04 48
0x0000000077470e81:   33 d8 48 33 1d 3e d5 0d 00 48 c1 e3 04 0f 0d 0b
0x0000000077470e91:   48 8b 7b 08 49 bd 01 00 00 00 01 00 00 00 49 be
0x0000000077470ea1:   ff 7f 00 00 ff ff ff ff 41 c6 40 0f 80 41 88 70 


Register to memory mapping:

RAX=0x00000000f0e0d0c0 is an unknown value
RBX=0x00000a5aaf80ed70 is an unknown value
RCX=0x000000ffffffffff is an unknown value
RDX=0x0000000000000000 is an unknown value
RSP=0x0000000022a4ebb0 is pointing into the stack for thread: 0x000000001f6bc800
RBP=0x000000001fb68d30 is an unknown value
RSI=0x0000000000000000 is an unknown value
RDI=0x0000000000000000 is an unknown value
R8 =0x000000001fb68d20 is an unknown value
R9 =0x0000000000000000 is an unknown value
R10=0x0000000000410960 is an unknown value
R11=0x000000000046b2e0 is an unknown value
R12=0x00000000024f0000 is an unknown value
R13=0x000000076c613d38 is an oop
java.lang.Object 
 - klass: 'java/lang/Object'
R14=0x0000000022a4ed10 is pointing into the stack for thread: 0x000000001f6bc800
R15=0x000000001f6bc800 is a thread


Stack: [0x0000000022950000,0x0000000022a50000],  sp=0x0000000022a4ebb0,  free space=1018k
Native frames: (J=compiled Java code, j=interpreted, Vv=VM code, C=native code)
C  [ntdll.dll+0x50e91]
C  [WS2_32.dll+0x1aa5]
C  [net.dll+0xd9ac]
C  0x0000000002d7387b

Java frames: (J=compiled Java code, j=interpreted, Vv=VM code)
J 2010  java.net.DualStackPlainSocketImpl.close0(I)V (0 bytes) @ 0x0000000002d73801 [0x0000000002d737c0+0x41]
J 4342 C2 java.net.Socket.close()V (47 bytes) @ 0x0000000002bc0334 [0x0000000002bc00c0+0x274]
J 2860 C2 org.apache.http.impl.execchain.ConnectionHolder.releaseConnection(Z)V (176 bytes) @ 0x00000000031803c0 [0x0000000003180120+0x2a0]
J 3088 C2 org.apache.http.conn.EofSensorInputStream.read([B)I (9 bytes) @ 0x0000000003245900 [0x0000000003245700+0x200]
J 2800 C2 org.openqa.selenium.remote.internal.ApacheHttpClient.createResponse(Lorg/apache/http/HttpResponse;Lorg/apache/http/protocol/HttpContext;)Lorg/openqa/selenium/remote/http/HttpResponse; (185 bytes) @ 0x000000000310e0e0 [0x000000000310da40+0x6a0]
J 3163 C2 org.openqa.selenium.remote.internal.ApacheHttpClient.execute(Lorg/openqa/selenium/remote/http/HttpRequest;Z)Lorg/openqa/selenium/remote/http/HttpResponse; (209 bytes) @ 0x000000000327ec48 [0x000000000327afe0+0x3c68]
J 3685 C2 org.openqa.selenium.remote.RemoteWebDriver.execute(Ljava/lang/String;Ljava/util/Map;)Lorg/openqa/selenium/remote/Response; (372 bytes) @ 0x0000000002d964b8 [0x0000000002d92b80+0x3938]
J 4056% C2 TradePageManagerUnit_Monex$BoardInformationExtraction.run()V (2406 bytes) @ 0x0000000003318a30 [0x00000000033182e0+0x750]
v  ~StubRoutines::call_stub

---------------  P R O C E S S  ---------------

Java Threads: ( => current thread )
  0x0000000025948800 JavaThread "RMI TCP Connection(17)-192.168.0.3" daemon [_thread_in_native, id=13756, stack(0x00000000295f0000,0x00000000296f0000)]
  0x0000000025948000 JavaThread "JMX server connection timeout 76" daemon [_thread_blocked, id=10776, stack(0x00000000246d0000,0x00000000247d0000)]
  0x0000000025947000 JavaThread "RMI Scheduler(0)" daemon [_thread_blocked, id=14096, stack(0x00000000292e0000,0x00000000293e0000)]
  0x000000001f5ba000 JavaThread "RMI TCP Accept-0" daemon [_thread_in_native, id=11596, stack(0x0000000028ac0000,0x0000000028bc0000)]
  0x000000001f5b9000 JavaThread "Forwarding getElementText on session d55e58f1-cb5f-4cd3-8ff7-ed9f454c3804 to remote" [_thread_in_native, id=9448, stack(0x0000000028d60000,0x0000000028e60000)]
  0x000000001f5b8800 JavaThread "Thread-TradeUnit5" [_thread_blocked, id=9408, stack(0x0000000028c40000,0x0000000028d40000)]
  0x000000001f5b7800 JavaThread "Timer-9" [_thread_blocked, id=9424, stack(0x00000000289c0000,0x0000000028ac0000)]
  0x000000001f5b7000 JavaThread "Thread-44" [_thread_blocked, id=9412, stack(0x00000000287d0000,0x00000000288d0000)]
  0x000000001f5b6000 JavaThread "Thread-WebAccess-エムケイシステム" [_thread_blocked, id=9420, stack(0x0000000028370000,0x0000000028470000)]
  0x000000001f5b5800 JavaThread "Thread-TradePageManager-エムケイシステム" [_thread_blocked, id=9416, stack(0x00000000285c0000,0x00000000286c0000)]
  0x000000001f5b4800 JavaThread "Timer-8" [_thread_blocked, id=9404, stack(0x0000000028480000,0x0000000028580000)]
  0x000000001f5b4000 JavaThread "Forwarding findElement on session 28c2c569-33e4-4c00-a954-357f0e59a63c to remote" [_thread_in_native, id=9844, stack(0x0000000027150000,0x0000000027250000)]
  0x000000001d5f5000 JavaThread "Exec Stream Pumper" daemon [_thread_in_native, id=9716, stack(0x0000000026fd0000,0x00000000270d0000)]
  0x000000001d5f4000 JavaThread "Exec Stream Pumper" daemon [_thread_in_native, id=9712, stack(0x0000000026d10000,0x0000000026e10000)]
  0x000000001d5f3800 JavaThread "Exec Default Executor" daemon [_thread_in_native, id=9700, stack(0x0000000023f80000,0x0000000024080000)]
  0x000000001d5f2800 JavaThread "Thread-TradeUnit4" [_thread_blocked, id=9696, stack(0x0000000026e70000,0x0000000026f70000)]
  0x000000001d5f2000 JavaThread "Timer-7" [_thread_blocked, id=9692, stack(0x0000000026ab0000,0x0000000026bb0000)]
  0x000000001d5f1000 JavaThread "Thread-35" [_thread_blocked, id=9688, stack(0x0000000026bb0000,0x0000000026cb0000)]
  0x000000001d5f0800 JavaThread "Thread-WebAccess-テラスカイ" [_thread_blocked, id=9684, stack(0x0000000026460000,0x0000000026560000)]
  0x000000001d5ef800 JavaThread "Thread-TradePageManager-テラスカイ" [_thread_blocked, id=9680, stack(0x00000000268d0000,0x00000000269d0000)]
  0x000000001d5ef000 JavaThread "Timer-6" [_thread_blocked, id=9676, stack(0x0000000026750000,0x0000000026850000)]
  0x000000001d5ee000 JavaThread "Forwarding findElement on session 31aadc0d-34da-4276-b77e-133e11f83b66 to remote" [_thread_in_native, id=2272, stack(0x0000000026580000,0x0000000026680000)]
  0x000000001f6cb000 JavaThread "Exec Stream Pumper" daemon [_thread_in_native, id=3124, stack(0x0000000026340000,0x0000000026440000)]
  0x000000001f6ca000 JavaThread "Exec Stream Pumper" daemon [_thread_in_native, id=5980, stack(0x0000000024810000,0x0000000024910000)]
  0x000000001f6c9800 JavaThread "Exec Default Executor" daemon [_thread_in_native, id=7744, stack(0x0000000026230000,0x0000000026330000)]
  0x000000001f6c8800 JavaThread "Thread-TradeUnit3" [_thread_blocked, id=2896, stack(0x00000000260c0000,0x00000000261c0000)]
  0x000000001f6c8000 JavaThread "Timer-5" [_thread_blocked, id=7556, stack(0x0000000024cb0000,0x0000000024db0000)]
  0x000000001f6c7000 JavaThread "Thread-26" [_thread_blocked, id=7656, stack(0x0000000025f50000,0x0000000026050000)]
  0x000000001f6c6800 JavaThread "Thread-WebAccess-FFRI" [_thread_blocked, id=9036, stack(0x0000000024a10000,0x0000000024b10000)]
  0x000000001f6c5800 JavaThread "Thread-TradePageManager-FFRI" [_thread_blocked, id=8472, stack(0x0000000025e00000,0x0000000025f00000)]
  0x000000001f6c5000 JavaThread "Timer-4" [_thread_blocked, id=792, stack(0x0000000024b60000,0x0000000024c60000)]
  0x000000001f6c4000 JavaThread "Forwarding findElement on session ea53e5ab-7253-4419-8b84-645b9e8c11d7 to remote" [_thread_in_native, id=3300, stack(0x00000000245a0000,0x00000000246a0000)]
  0x000000001f6c3800 JavaThread "Exec Stream Pumper" daemon [_thread_in_native, id=7512, stack(0x0000000024490000,0x0000000024590000)]
  0x000000001f6c2800 JavaThread "Exec Stream Pumper" daemon [_thread_in_native, id=8420, stack(0x0000000024300000,0x0000000024400000)]
  0x000000001f6c2000 JavaThread "Exec Default Executor" daemon [_thread_in_native, id=640, stack(0x00000000241b0000,0x00000000242b0000)]
  0x000000001f6c1000 JavaThread "Thread-TradeUnit2" [_thread_blocked, id=6032, stack(0x0000000024080000,0x0000000024180000)]
  0x000000001f6c0800 JavaThread "Timer-3" [_thread_blocked, id=8172, stack(0x0000000023e80000,0x0000000023f80000)]
  0x000000001f6bf800 JavaThread "Thread-17" [_thread_blocked, id=1620, stack(0x0000000023ca0000,0x0000000023da0000)]
  0x000000001f6bf000 JavaThread "Thread-WebAccess-サイジニア" [_thread_blocked, id=1340, stack(0x0000000022040000,0x0000000022140000)]
  0x000000001f6be000 JavaThread "Thread-TradePageManager-サイジニア" [_thread_blocked, id=7696, stack(0x0000000022a80000,0x0000000022b80000)]
  0x000000001f6bd800 JavaThread "Timer-2" [_thread_blocked, id=8692, stack(0x0000000022830000,0x0000000022930000)]
=>0x000000001f6bc800 JavaThread "Forwarding getElementText on session 0c8c74b7-3c79-4da2-9f5d-d43132b561f0 to remote" [_thread_in_native, id=7332, stack(0x0000000022950000,0x0000000022a50000)]
  0x000000001f6bc000 JavaThread "Exec Stream Pumper" daemon [_thread_in_native, id=7684, stack(0x0000000022700000,0x0000000022800000)]
  0x00000000203b7000 JavaThread "Exec Stream Pumper" daemon [_thread_in_native, id=6520, stack(0x00000000222e0000,0x00000000223e0000)]
  0x000000001d88c800 JavaThread "Exec Default Executor" daemon [_thread_in_native, id=5348, stack(0x00000000225b0000,0x00000000226b0000)]
  0x000000001f972800 JavaThread "Thread-TradeUnit1" [_thread_blocked, id=7596, stack(0x0000000022410000,0x0000000022510000)]
  0x000000001f971800 JavaThread "Timer-1" [_thread_blocked, id=8752, stack(0x0000000022160000,0x0000000022260000)]
  0x000000001f970800 JavaThread "Thread-8" [_thread_blocked, id=8644, stack(0x0000000021f30000,0x0000000022030000)]
  0x000000001f970000 JavaThread "Thread-WebAccess-ジグソー" [_thread_blocked, id=7368, stack(0x0000000021bc0000,0x0000000021cc0000)]
  0x000000001f7cc800 JavaThread "Thread-TradePageManager-ジグソー" [_thread_blocked, id=3236, stack(0x0000000021d40000,0x0000000021e40000)]
  0x00000000205ca800 JavaThread "Timer-0" [_thread_blocked, id=4448, stack(0x000000001fcc0000,0x000000001fdc0000)]
  0x0000000020547800 JavaThread "Exec Stream Pumper" daemon [_thread_in_native, id=9180, stack(0x0000000021850000,0x0000000021950000)]
  0x00000000206a6800 JavaThread "Exec Stream Pumper" daemon [_thread_in_native, id=7292, stack(0x00000000216b0000,0x00000000217b0000)]
  0x000000001fa1c000 JavaThread "Exec Default Executor" daemon [_thread_in_native, id=6980, stack(0x0000000020110000,0x0000000020210000)]
  0x000000001d625000 JavaThread "Service Thread" daemon [_thread_blocked, id=4744, stack(0x000000001ef10000,0x000000001f010000)]
  0x000000001d5a7800 JavaThread "C1 CompilerThread3" daemon [_thread_blocked, id=7780, stack(0x000000001f100000,0x000000001f200000)]
  0x000000001d59e800 JavaThread "C2 CompilerThread2" daemon [_thread_blocked, id=7944, stack(0x000000001e8c0000,0x000000001e9c0000)]
  0x000000001d597800 JavaThread "C2 CompilerThread1" daemon [_thread_blocked, id=4984, stack(0x000000001ee10000,0x000000001ef10000)]
  0x000000001d591800 JavaThread "C2 CompilerThread0" daemon [_thread_blocked, id=924, stack(0x000000001eca0000,0x000000001eda0000)]
  0x000000001d58e800 JavaThread "Attach Listener" daemon [_thread_blocked, id=8328, stack(0x000000001eb40000,0x000000001ec40000)]
  0x000000001d58d800 JavaThread "Signal Dispatcher" daemon [_thread_blocked, id=4364, stack(0x000000001e9d0000,0x000000001ead0000)]
  0x000000001c5cf000 JavaThread "Finalizer" daemon [_thread_blocked, id=7484, stack(0x000000001e490000,0x000000001e590000)]
  0x000000001c5c8800 JavaThread "Reference Handler" daemon [_thread_blocked, id=2088, stack(0x000000001e7b0000,0x000000001e8b0000)]
  0x00000000023c8000 JavaThread "main" [_thread_blocked, id=2044, stack(0x00000000025f0000,0x00000000026f0000)]

Other Threads:
  0x000000001d523000 VMThread [stack: 0x000000001e5c0000,0x000000001e6c0000] [id=3580]
  0x000000001d6b2800 WatcherThread [stack: 0x000000001f260000,0x000000001f360000] [id=7040]

VM state:not at safepoint (normal execution)

VM Mutex/Monitor currently owned by a thread: None

Heap:
 PSYoungGen      total 28672K, used 26105K [0x000000076af00000, 0x000000076d380000, 0x00000007c0000000)
  eden space 27648K, 92% used [0x000000076af00000,0x000000076c7de640,0x000000076ca00000)
  from space 1024K, 62% used [0x000000076d200000,0x000000076d2a0000,0x000000076d300000)
  to   space 512K, 0% used [0x000000076d300000,0x000000076d300000,0x000000076d380000)
 ParOldGen       total 49664K, used 31637K [0x00000006c0c00000, 0x00000006c3c80000, 0x000000076af00000)
  object space 49664K, 63% used [0x00000006c0c00000,0x00000006c2ae54d0,0x00000006c3c80000)
 Metaspace       used 18849K, capacity 19222K, committed 19328K, reserved 1067008K
  class space    used 2258K, capacity 2398K, committed 2432K, reserved 1048576K

Card table byte_map: [0x0000000011ab0000,0x00000000122b0000] byte_map_base: 0x000000000e4aa000

Marking Bits: (ParMarkBitMap*) 0x00000000665aa5b0
 Begin Bits: [0x0000000013440000, 0x0000000017410000)
 End Bits:   [0x0000000017410000, 0x000000001b3e0000)

Polling page: 0x0000000000130000

CodeCache: size=245760Kb used=12550Kb max_used=12573Kb free=233209Kb
 bounds [0x00000000026f0000, 0x0000000003570000, 0x00000000116f0000]
 total_blobs=3822 nmethods=3425 adapters=309
 compilation: enabled

Compilation events (10 events):
Event: 39716.174 Thread 0x000000001d59e800 4733   !   4       sun.rmi.server.UnicastServerRef::logCall (96 bytes)
Event: 39716.175 Thread 0x000000001d59e800 nmethod 4733 0x0000000002aeb710 code [0x0000000002aeb860, 0x0000000002aeb918]
Event: 40212.736 Thread 0x000000001d59e800 4734   !   4       sun.rmi.server.UnicastServerRef::dispatch (444 bytes)
Event: 40212.931 Thread 0x000000001d59e800 nmethod 4734 0x000000000354eed0 code [0x000000000354f3e0, 0x0000000003553980]
Event: 41480.011 Thread 0x000000001d5a7800 4735       3       javax.management.remote.rmi.RMIConnectionImpl::doOperation (706 bytes)
Event: 41480.013 Thread 0x000000001d5a7800 nmethod 4735 0x00000000032c3510 code [0x00000000032c3b40, 0x00000000032c87c8]
Event: 41575.047 Thread 0x000000001d5a7800 4736       3       javax.management.remote.rmi.RMIConnectionImpl$6::run (17 bytes)
Event: 41575.047 Thread 0x000000001d5a7800 nmethod 4736 0x0000000002c54750 code [0x0000000002c548c0, 0x0000000002c54b08]
Event: 41746.765 Thread 0x000000001d59e800 4737       4       java.util.concurrent.locks.AbstractQueuedSynchronizer::release (33 bytes)
Event: 41746.766 Thread 0x000000001d59e800 nmethod 4737 0x00000000029de310 code [0x00000000029de460, 0x00000000029de588]

GC Heap History (10 events):
Event: 42120.819 GC heap before
{Heap before GC invocations=26346 (full 21):
 PSYoungGen      total 30720K, used 30720K [0x000000076af00000, 0x000000076d480000, 0x00000007c0000000)
  eden space 30208K, 100% used [0x000000076af00000,0x000000076cc80000,0x000000076cc80000)
  from space 512K, 100% used [0x000000076d400000,0x000000076d480000,0x000000076d480000)
  to   space 1024K, 0% used [0x000000076d280000,0x000000076d280000,0x000000076d380000)
 ParOldGen       total 49664K, used 31453K [0x00000006c0c00000, 0x00000006c3c80000, 0x000000076af00000)
  object space 49664K, 63% used [0x00000006c0c00000,0x00000006c2ab74d0,0x00000006c3c80000)
 Metaspace       used 18849K, capacity 19222K, committed 19328K, reserved 1067008K
  class space    used 2258K, capacity 2398K, committed 2432K, reserved 1048576K
Event: 42120.832 GC heap after
Heap after GC invocations=26346 (full 21):
 PSYoungGen      total 30720K, used 640K [0x000000076af00000, 0x000000076d480000, 0x00000007c0000000)
  eden space 29696K, 0% used [0x000000076af00000,0x000000076af00000,0x000000076cc00000)
  from space 1024K, 62% used [0x000000076d280000,0x000000076d320000,0x000000076d380000)
  to   space 1024K, 0% used [0x000000076d380000,0x000000076d380000,0x000000076d480000)
 ParOldGen       total 49664K, used 31493K [0x00000006c0c00000, 0x00000006c3c80000, 0x000000076af00000)
  object space 49664K, 63% used [0x00000006c0c00000,0x00000006c2ac14d0,0x00000006c3c80000)
 Metaspace       used 18849K, capacity 19222K, committed 19328K, reserved 1067008K
  class space    used 2258K, capacity 2398K, committed 2432K, reserved 1048576K
}
Event: 42122.249 GC heap before
{Heap before GC invocations=26347 (full 21):
 PSYoungGen      total 30720K, used 30331K [0x000000076af00000, 0x000000076d480000, 0x00000007c0000000)
  eden space 29696K, 99% used [0x000000076af00000,0x000000076cbfec70,0x000000076cc00000)
  from space 1024K, 62% used [0x000000076d280000,0x000000076d320000,0x000000076d380000)
  to   space 1024K, 0% used [0x000000076d380000,0x000000076d380000,0x000000076d480000)
 ParOldGen       total 49664K, used 31493K [0x00000006c0c00000, 0x00000006c3c80000, 0x000000076af00000)
  object space 49664K, 63% used [0x00000006c0c00000,0x00000006c2ac14d0,0x00000006c3c80000)
 Metaspace       used 18849K, capacity 19222K, committed 19328K, reserved 1067008K
  class space    used 2258K, capacity 2398K, committed 2432K, reserved 1048576K
Event: 42122.262 GC heap after
Heap after GC invocations=26347 (full 21):
 PSYoungGen      total 30208K, used 576K [0x000000076af00000, 0x000000076d480000, 0x00000007c0000000)
  eden space 29184K, 0% used [0x000000076af00000,0x000000076af00000,0x000000076cb80000)
  from space 1024K, 56% used [0x000000076d380000,0x000000076d410000,0x000000076d480000)
  to   space 1024K, 0% used [0x000000076d280000,0x000000076d280000,0x000000076d380000)
 ParOldGen       total 49664K, used 31525K [0x00000006c0c00000, 0x00000006c3c80000, 0x000000076af00000)
  object space 49664K, 63% used [0x00000006c0c00000,0x00000006c2ac94d0,0x00000006c3c80000)
 Metaspace       used 18849K, capacity 19222K, committed 19328K, reserved 1067008K
  class space    used 2258K, capacity 2398K, committed 2432K, reserved 1048576K
}
Event: 42123.577 GC heap before
{Heap before GC invocations=26348 (full 21):
 PSYoungGen      total 30208K, used 29760K [0x000000076af00000, 0x000000076d480000, 0x00000007c0000000)
  eden space 29184K, 100% used [0x000000076af00000,0x000000076cb80000,0x000000076cb80000)
  from space 1024K, 56% used [0x000000076d380000,0x000000076d410000,0x000000076d480000)
  to   space 1024K, 0% used [0x000000076d280000,0x000000076d280000,0x000000076d380000)
 ParOldGen       total 49664K, used 31525K [0x00000006c0c00000, 0x00000006c3c80000, 0x000000076af00000)
  object space 49664K, 63% used [0x00000006c0c00000,0x00000006c2ac94d0,0x00000006c3c80000)
 Metaspace       used 18849K, capacity 19222K, committed 19328K, reserved 1067008K
  class space    used 2258K, capacity 2398K, committed 2432K, reserved 1048576K
Event: 42123.584 GC heap after
Heap after GC invocations=26348 (full 21):
 PSYoungGen      total 29184K, used 512K [0x000000076af00000, 0x000000076d400000, 0x00000007c0000000)
  eden space 28672K, 0% used [0x000000076af00000,0x000000076af00000,0x000000076cb00000)
  from space 512K, 100% used [0x000000076d280000,0x000000076d300000,0x000000076d300000)
  to   space 1024K, 0% used [0x000000076d300000,0x000000076d300000,0x000000076d400000)
 ParOldGen       total 49664K, used 31549K [0x00000006c0c00000, 0x00000006c3c80000, 0x000000076af00000)
  object space 49664K, 63% used [0x00000006c0c00000,0x00000006c2acf4d0,0x00000006c3c80000)
 Metaspace       used 18849K, capacity 19222K, committed 19328K, reserved 1067008K
  class space    used 2258K, capacity 2398K, committed 2432K, reserved 1048576K
}
Event: 42124.955 GC heap before
{Heap before GC invocations=26349 (full 21):
 PSYoungGen      total 29184K, used 29184K [0x000000076af00000, 0x000000076d400000, 0x00000007c0000000)
  eden space 28672K, 100% used [0x000000076af00000,0x000000076cb00000,0x000000076cb00000)
  from space 512K, 100% used [0x000000076d280000,0x000000076d300000,0x000000076d300000)
  to   space 1024K, 0% used [0x000000076d300000,0x000000076d300000,0x000000076d400000)
 ParOldGen       total 49664K, used 31549K [0x00000006c0c00000, 0x00000006c3c80000, 0x000000076af00000)
  object space 49664K, 63% used [0x00000006c0c00000,0x00000006c2acf4d0,0x00000006c3c80000)
 Metaspace       used 18849K, capacity 19222K, committed 19328K, reserved 1067008K
  class space    used 2258K, capacity 2398K, committed 2432K, reserved 1048576K
Event: 42124.962 GC heap after
Heap after GC invocations=26349 (full 21):
 PSYoungGen      total 29184K, used 576K [0x000000076af00000, 0x000000076d400000, 0x00000007c0000000)
  eden space 28160K, 0% used [0x000000076af00000,0x000000076af00000,0x000000076ca80000)
  from space 1024K, 56% used [0x000000076d300000,0x000000076d390000,0x000000076d400000)
  to   space 1024K, 0% used [0x000000076d200000,0x000000076d200000,0x000000076d300000)
 ParOldGen       total 49664K, used 31597K [0x00000006c0c00000, 0x00000006c3c80000, 0x000000076af00000)
  object space 49664K, 63% used [0x00000006c0c00000,0x00000006c2adb4d0,0x00000006c3c80000)
 Metaspace       used 18849K, capacity 19222K, committed 19328K, reserved 1067008K
  class space    used 2258K, capacity 2398K, committed 2432K, reserved 1048576K
}
Event: 42126.247 GC heap before
{Heap before GC invocations=26350 (full 21):
 PSYoungGen      total 29184K, used 28736K [0x000000076af00000, 0x000000076d400000, 0x00000007c0000000)
  eden space 28160K, 100% used [0x000000076af00000,0x000000076ca80000,0x000000076ca80000)
  from space 1024K, 56% used [0x000000076d300000,0x000000076d390000,0x000000076d400000)
  to   space 1024K, 0% used [0x000000076d200000,0x000000076d200000,0x000000076d300000)
 ParOldGen       total 49664K, used 31597K [0x00000006c0c00000, 0x00000006c3c80000, 0x000000076af00000)
  object space 49664K, 63% used [0x00000006c0c00000,0x00000006c2adb4d0,0x00000006c3c80000)
 Metaspace       used 18849K, capacity 19222K, committed 19328K, reserved 1067008K
  class space    used 2258K, capacity 2398K, committed 2432K, reserved 1048576K
Event: 42126.269 GC heap after
Heap after GC invocations=26350 (full 21):
 PSYoungGen      total 28672K, used 640K [0x000000076af00000, 0x000000076d380000, 0x00000007c0000000)
  eden space 27648K, 0% used [0x000000076af00000,0x000000076af00000,0x000000076ca00000)
  from space 1024K, 62% used [0x000000076d200000,0x000000076d2a0000,0x000000076d300000)
  to   space 512K, 0% used [0x000000076d300000,0x000000076d300000,0x000000076d380000)
 ParOldGen       total 49664K, used 31637K [0x00000006c0c00000, 0x00000006c3c80000, 0x000000076af00000)
  object space 49664K, 63% used [0x00000006c0c00000,0x00000006c2ae54d0,0x00000006c3c80000)
 Metaspace       used 18849K, capacity 19222K, committed 19328K, reserved 1067008K
  class space    used 2258K, capacity 2398K, committed 2432K, reserved 1048576K
}

Deoptimization events (10 events):
Event: 29936.737 Thread 0x000000001f5ba800 Uncommon trap: reason=array_check action=maybe_recompile pc=0x00000000029fbef8 method=java.util.ComparableTimSort.reverseRange([Ljava/lang/Object;II)V @ 27
Event: 32866.105 Thread 0x0000000025948800 Uncommon trap: reason=predicate action=maybe_recompile pc=0x0000000002d7979c method=java.util.Arrays.fill([Ljava/lang/Object;IILjava/lang/Object;)V @ 16
Event: 32886.115 Thread 0x0000000025948800 Uncommon trap: reason=array_check action=maybe_recompile pc=0x0000000003080d58 method=java.util.Arrays.fill([Ljava/lang/Object;IILjava/lang/Object;)V @ 20
Event: 32887.116 Thread 0x0000000025948800 Uncommon trap: reason=array_check action=maybe_recompile pc=0x0000000003080d58 method=java.util.Arrays.fill([Ljava/lang/Object;IILjava/lang/Object;)V @ 20
Event: 32888.117 Thread 0x0000000025948800 Uncommon trap: reason=array_check action=maybe_recompile pc=0x0000000003080d58 method=java.util.Arrays.fill([Ljava/lang/Object;IILjava/lang/Object;)V @ 20
Event: 32889.117 Thread 0x0000000025948800 Uncommon trap: reason=array_check action=maybe_recompile pc=0x0000000003080d58 method=java.util.Arrays.fill([Ljava/lang/Object;IILjava/lang/Object;)V @ 20
Event: 39554.609 Thread 0x0000000025948800 Uncommon trap: reason=unstable_if action=reinterpret pc=0x00000000032f11f4 method=java.rmi.server.UID.<init>()V @ 46
Event: 41458.982 Thread 0x000000001f5ba800 Uncommon trap: reason=unstable_if action=reinterpret pc=0x0000000002bc3ac8 method=java.util.concurrent.locks.ReentrantReadWriteLock$Sync.tryAcquireShared(I)I @ 60
Event: 41458.982 Thread 0x0000000025948800 Uncommon trap: reason=unstable_if action=reinterpret pc=0x00000000032e5e88 method=java.util.concurrent.locks.ReentrantReadWriteLock$Sync.tryReleaseShared(I)Z @ 135
Event: 41458.982 Thread 0x000000001f5ba800 Uncommon trap: reason=unstable_if action=reinterpret pc=0x0000000003232abc method=java.util.concurrent.locks.ReentrantReadWriteLock$Sync.tryReleaseShared(I)Z @ 9

Internal exceptions (10 events):
Event: 28846.795 Thread 0x000000001f5ba800 Exception <a 'java/lang/NoSuchMethodError': <clinit>> (0x000000076c23fff8) thrown at [C:\workspace\8-2-build-windows-amd64-cygwin\jdk8u65\4987\hotspot\src\share\vm\prims\jni.cpp, line 1591]
Event: 28846.825 Thread 0x000000001f5ba800 Exception <a 'java/lang/ClassNotFoundException': javax/management/remote/rmi/RMIConnectionImpl_Skel> (0x000000076c2bc098) thrown at [C:\workspace\8-2-build-windows-amd64-cygwin\jdk8u65\4987\hotspot\src\share\vm\classfile\systemDictionary.cpp, line 210]
Event: 28846.901 Thread 0x000000001f5ba800 Exception <a 'java/lang/NoSuchMethodError': <clinit>> (0x000000076c49d8a8) thrown at [C:\workspace\8-2-build-windows-amd64-cygwin\jdk8u65\4987\hotspot\src\share\vm\prims\jni.cpp, line 1591]
Event: 28846.987 Thread 0x000000001f5ba800 Exception <a 'java/lang/NoSuchMethodError': <clinit>> (0x000000076c522cb0) thrown at [C:\workspace\8-2-build-windows-amd64-cygwin\jdk8u65\4987\hotspot\src\share\vm\prims\jni.cpp, line 1591]
Event: 28846.988 Thread 0x000000001f5ba800 Exception <a 'java/lang/NoSuchMethodError': <clinit>> (0x000000076c531418) thrown at [C:\workspace\8-2-build-windows-amd64-cygwin\jdk8u65\4987\hotspot\src\share\vm\prims\jni.cpp, line 1591]
Event: 28846.989 Thread 0x000000001f5ba800 Exception <a 'java/lang/NoSuchMethodError': <clinit>> (0x000000076c531de0) thrown at [C:\workspace\8-2-build-windows-amd64-cygwin\jdk8u65\4987\hotspot\src\share\vm\prims\jni.cpp, line 1591]
Event: 28846.991 Thread 0x000000001f5ba800 Exception <a 'java/lang/NoSuchMethodError': <clinit>> (0x000000076c53ec20) thrown at [C:\workspace\8-2-build-windows-amd64-cygwin\jdk8u65\4987\hotspot\src\share\vm\prims\jni.cpp, line 1591]
Event: 28846.991 Thread 0x000000001f5ba800 Exception <a 'java/lang/NoSuchMethodError': <clinit>> (0x000000076c53f868) thrown at [C:\workspace\8-2-build-windows-amd64-cygwin\jdk8u65\4987\hotspot\src\share\vm\prims\jni.cpp, line 1591]
Event: 28846.992 Thread 0x000000001f5ba800 Exception <a 'java/lang/NoSuchMethodError': <clinit>> (0x000000076c540480) thrown at [C:\workspace\8-2-build-windows-amd64-cygwin\jdk8u65\4987\hotspot\src\share\vm\prims\jni.cpp, line 1591]
Event: 28848.047 Thread 0x000000001f5ba800 Exception <a 'java/lang/NoSuchMethodError': <clinit>> (0x000000076c8189b0) thrown at [C:\workspace\8-2-build-windows-amd64-cygwin\jdk8u65\4987\hotspot\src\share\vm\prims\jni.cpp, line 1591]

Events (10 events):
Event: 42124.955 Executing VM operation: ParallelGCFailedAllocation
Event: 42124.962 Executing VM operation: ParallelGCFailedAllocation done
Event: 42125.266 Executing VM operation: ThreadDump
Event: 42125.266 Executing VM operation: ThreadDump done
Event: 42126.247 Executing VM operation: ParallelGCFailedAllocation
Event: 42126.269 Executing VM operation: ParallelGCFailedAllocation done
Event: 42126.270 Executing VM operation: ThreadDump
Event: 42126.270 Executing VM operation: ThreadDump done
Event: 42127.270 Executing VM operation: ThreadDump
Event: 42127.270 Executing VM operation: ThreadDump done


Dynamic libraries:
0x000000013f4d0000 - 0x000000013f507000 	C:\Program Files\Java\jre1.8.0_65\bin\javaw.exe
0x0000000077420000 - 0x00000000775c9000 	C:\Windows\SYSTEM32\ntdll.dll
0x0000000077200000 - 0x0000000077320000 	C:\Windows\system32\kernel32.dll
0x000007fefd200000 - 0x000007fefd26c000 	C:\Windows\system32\KERNELBASE.dll
0x000007fefe5f0000 - 0x000007fefe6cb000 	C:\Windows\system32\ADVAPI32.dll
0x000007fefe000000 - 0x000007fefe09f000 	C:\Windows\system32\msvcrt.dll
0x000007feff6a0000 - 0x000007feff6bf000 	C:\Windows\SYSTEM32\sechost.dll
0x000007fefd820000 - 0x000007fefd94d000 	C:\Windows\system32\RPCRT4.dll
0x0000000077320000 - 0x000000007741a000 	C:\Windows\system32\USER32.dll
0x000007feff6c0000 - 0x000007feff727000 	C:\Windows\system32\GDI32.dll
0x000007fefd950000 - 0x000007fefd95e000 	C:\Windows\system32\LPK.dll
0x000007feff5d0000 - 0x000007feff699000 	C:\Windows\system32\USP10.dll
0x000007fefb810000 - 0x000007fefba04000 	C:\Windows\WinSxS\amd64_microsoft.windows.common-controls_6595b64144ccf1df_6.0.7601.18837_none_fa3b1e3d17594757\COMCTL32.dll
0x000007fefe3e0000 - 0x000007fefe451000 	C:\Windows\system32\SHLWAPI.dll
0x000007feff500000 - 0x000007feff52e000 	C:\Windows\system32\IMM32.DLL
0x000007fefe2d0000 - 0x000007fefe3d9000 	C:\Windows\system32\MSCTF.dll
0x0000000073860000 - 0x0000000073932000 	C:\Program Files\Java\jre1.8.0_65\bin\msvcr100.dll
0x0000000065da0000 - 0x0000000066629000 	C:\Program Files\Java\jre1.8.0_65\bin\server\jvm.dll
0x000007fef7d00000 - 0x000007fef7d09000 	C:\Windows\system32\WSOCK32.dll
0x000007fefe280000 - 0x000007fefe2cd000 	C:\Windows\system32\WS2_32.dll
0x000007fefd5b0000 - 0x000007fefd5b8000 	C:\Windows\system32\NSI.dll
0x000007fefac30000 - 0x000007fefac6b000 	C:\Windows\system32\WINMM.dll
0x000007fefc330000 - 0x000007fefc33c000 	C:\Windows\system32\VERSION.dll
0x00000000775f0000 - 0x00000000775f7000 	C:\Windows\system32\PSAPI.DLL
0x0000000074380000 - 0x000000007438f000 	C:\Program Files\Java\jre1.8.0_65\bin\verify.dll
0x0000000074350000 - 0x0000000074379000 	C:\Program Files\Java\jre1.8.0_65\bin\java.dll
0x0000000074330000 - 0x0000000074346000 	C:\Program Files\Java\jre1.8.0_65\bin\zip.dll
0x000007fefe770000 - 0x000007feff4f9000 	C:\Windows\system32\SHELL32.dll
0x000007fefddf0000 - 0x000007fefdff3000 	C:\Windows\system32\ole32.dll
0x000007fefd1d0000 - 0x000007fefd1df000 	C:\Windows\system32\profapi.dll
0x0000000074310000 - 0x000000007432a000 	C:\Program Files\Java\jre1.8.0_65\bin\net.dll
0x0000000180000000 - 0x000000018003e000 	C:\Program Files (x86)\Avira\AntiVir Desktop\avsda64.dll
0x000007fefc350000 - 0x000007fefc377000 	C:\Windows\system32\IPHLPAPI.DLL
0x000007fefc340000 - 0x000007fefc34b000 	C:\Windows\system32\WINNSI.DLL
0x000007fefc970000 - 0x000007fefc9c5000 	C:\Windows\system32\mswsock.dll
0x000007fefc960000 - 0x000007fefc967000 	C:\Windows\System32\wship6.dll
0x000007fefc320000 - 0x000007fefc327000 	C:\Windows\System32\wshtcpip.dll
0x000007fefc7f0000 - 0x000007fefc84b000 	C:\Windows\system32\DNSAPI.dll
0x000007fef7ab0000 - 0x000007fef7ab8000 	C:\Windows\system32\rasadhlp.dll
0x000007fefad80000 - 0x000007fefadd3000 	C:\Windows\System32\fwpuclnt.dll
0x000007fefad50000 - 0x000007fefad61000 	C:\Windows\system32\dhcpcsvc6.DLL
0x000007fefad30000 - 0x000007fefad48000 	C:\Windows\system32\dhcpcsvc.DLL
0x000007fefc9d0000 - 0x000007fefc9e8000 	C:\Windows\system32\CRYPTSP.dll
0x000007fefc6d0000 - 0x000007fefc717000 	C:\Windows\system32\rsaenh.dll
0x000007fefd2c0000 - 0x000007fefd2de000 	C:\Windows\system32\USERENV.dll
0x000007fefd030000 - 0x000007fefd03f000 	C:\Windows\system32\CRYPTBASE.dll
0x0000000073c50000 - 0x0000000073c61000 	C:\Program Files\Java\jre1.8.0_65\bin\nio.dll
0x0000000073ae0000 - 0x0000000073b04000 	C:\Program Files\Java\jre1.8.0_65\bin\sunec.dll
0x000007fefcfd0000 - 0x000007fefd027000 	C:\Windows\system32\apphelp.dll
0x0000000072f60000 - 0x0000000072f6d000 	C:\Program Files\Java\jre1.8.0_65\bin\management.dll
0x000007fefb150000 - 0x000007fefb165000 	C:\Windows\system32\NLAapi.dll
0x000007fef73f0000 - 0x000007fef7405000 	C:\Windows\system32\napinsp.dll
0x000007fef73d0000 - 0x000007fef73e9000 	C:\Windows\system32\pnrpnsp.dll
0x000007fef73c0000 - 0x000007fef73cb000 	C:\Windows\System32\winrnr.dll
0x000007fef76b0000 - 0x000007fef77d5000 	C:\Windows\system32\dbghelp.dll

VM Arguments:
jvm_args: -Dfile.encoding=UTF-8 
java_command: Main
java_class_path (initial): D:\invest\project\Trade_Bot_20151020\TradeBot\bin;D:\invest\project\Trade_Bot_20151020\TradeBot\selenium-2.48.2\libs\apache-mime4j-0.6.jar;D:\invest\project\Trade_Bot_20151020\TradeBot\selenium-2.48.2\libs\bsh-2.0b4.jar;D:\invest\project\Trade_Bot_20151020\TradeBot\selenium-2.48.2\libs\cglib-nodep-2.1_3.jar;D:\invest\project\Trade_Bot_20151020\TradeBot\selenium-2.48.2\libs\commons-codec-1.10.jar;D:\invest\project\Trade_Bot_20151020\TradeBot\selenium-2.48.2\libs\commons-collections-3.2.1.jar;D:\invest\project\Trade_Bot_20151020\TradeBot\selenium-2.48.2\libs\commons-el-1.0.jar;D:\invest\project\Trade_Bot_20151020\TradeBot\selenium-2.48.2\libs\commons-exec-1.3.jar;D:\invest\project\Trade_Bot_20151020\TradeBot\selenium-2.48.2\libs\commons-io-2.4.jar;D:\invest\project\Trade_Bot_20151020\TradeBot\selenium-2.48.2\libs\commons-lang3-3.4.jar;D:\invest\project\Trade_Bot_20151020\TradeBot\selenium-2.48.2\libs\commons-logging-1.2.jar;D:\invest\project\Trade_Bot_20151020\TradeBot\selenium-2.48.2\libs\cssparser-0.9.16.jar;D:\invest\project\Trade_Bot_20151020\TradeBot\selenium-2.48.2\libs\gson-2.3.1.jar;D:\invest\project\Trade_Bot_20151020\TradeBot\selenium-2.48.2\libs\guava-18.0.jar;D:\invest\project\Trade_Bot_20151020\TradeBot\selenium-2.48.2\libs\hamcrest-core-1.3.jar;D:\invest\project\Trade_Bot_20151020\TradeBot\selenium-2.48.2\libs\hamcrest-library-1.3.jar;D:\invest\project\Trade_Bot_20151020\TradeBot\selenium-2.48.2\libs\htmlunit-2.18.jar;D:\invest\project\Trade_Bot_20151020\TradeBot\selenium-2.48.2\libs\htmlunit-core-js-2.17.jar;D:\invest\project\Trade_Bot_20151020\TradeBot\selenium-2.48.2\libs\httpclient-4.5.1.jar;D:\invest\project\Trade_Bot_20151020\TradeBot\selenium-2.48.2\libs\httpcore-4.4.3.jar;D:\invest\project\Trade_Bot_20151020\TradeBot\selenium-2.48.2\libs\httpmime-4.5.jar;D:\invest\project\Trade_Bot_20151020\TradeBot\selenium-2.48.2\libs\jasper-compiler-5.5.15.jar;D:\invest\project\Trade_Bot_20151020\TradeBot\selenium-2.48.2\libs\jaspe
Launcher Type: SUN_STANDARD

Environment Variables:
PATH=C:/Program Files/Java/jre1.8.0_65/bin/server;C:/Program Files/Java/jre1.8.0_65/bin;C:/Program Files/Java/jre1.8.0_65/lib/amd64;C:\ProgramData\Oracle\Java\javapath;C:\Program Files (x86)\NVIDIA Corporation\PhysX\Common;C:\Windows\system32;C:\Windows;C:\Windows\System32\Wbem;C:\Windows\System32\WindowsPowerShell\v1.0\;D:\invest\project\nodejs\;D:\invest\android SDK\tools;D:\invest\android SDK\platform-tools;D:\invest\project\software\apache-ant-1.9.6;C:\Program Files\Git\cmd;C:\Users\maxwill\AppData\Roaming\npm;D:\invest\project\eclipse;
USERNAME=maxwill
OS=Windows_NT
PROCESSOR_IDENTIFIER=Intel64 Family 6 Model 58 Stepping 9, GenuineIntel



---------------  S Y S T E M  ---------------

OS: Windows 7 , 64 bit Build 7601 (6.1.7601.19018)

CPU:total 8 (4 cores per cpu, 2 threads per core) family 6 model 58 stepping 9, cmov, cx8, fxsr, mmx, sse, sse2, sse3, ssse3, sse4.1, sse4.2, popcnt, avx, aes, clmul, erms, ht, tsc, tscinvbit, tscinv

Memory: 4k page, physical 16722100k(6206360k free), swap 33442364k(18956236k free)

vm_info: Java HotSpot(TM) 64-Bit Server VM (25.65-b01) for windows-amd64 JRE (1.8.0_65-b17), built on Oct  6 2015 16:39:20 by "java_re" with MS VC++ 10.0 (VS2010)

time: Wed Dec 30 21:23:04 2015
elapsed time: 42127 seconds (0d 11h 42m 7s)

